<?xml version="1.0" encoding="UTF-8"?>
<testsuite xmlns:xsi="http://www.w3.org/2001/XMLSchema-instance" xsi:noNamespaceSchemaLocation="https://maven.apache.org/surefire/maven-surefire-plugin/xsd/surefire-test-report-3.0.xsd" version="3.0" name="de.hbrs.se2.womm.DemoApplicationTests" time="1.05" tests="1" errors="1" skipped="0" failures="0">
  <properties>
    <property name="java.specification.version" value="21"/>
    <property name="sun.jnu.encoding" value="UTF-8"/>
    <property name="java.class.path" value="/Users/dominikocsofszki/Dev/Vim/inf_se2_wise23_w.o.m.m/target/test-classes:/Users/dominikocsofszki/Dev/Vim/inf_se2_wise23_w.o.m.m/target/classes:/Users/dominikocsofszki/.m2/repository/org/springframework/boot/spring-boot-starter-data-jpa/3.1.5/spring-boot-starter-data-jpa-3.1.5.jar:/Users/dominikocsofszki/.m2/repository/org/springframework/boot/spring-boot-starter-aop/3.1.5/spring-boot-starter-aop-3.1.5.jar:/Users/dominikocsofszki/.m2/repository/org/springframework/spring-aop/6.0.13/spring-aop-6.0.13.jar:/Users/dominikocsofszki/.m2/repository/org/aspectj/aspectjweaver/1.9.20/aspectjweaver-1.9.20.jar:/Users/dominikocsofszki/.m2/repository/org/springframework/boot/spring-boot-starter-jdbc/3.1.5/spring-boot-starter-jdbc-3.1.5.jar:/Users/dominikocsofszki/.m2/repository/com/zaxxer/HikariCP/5.0.1/HikariCP-5.0.1.jar:/Users/dominikocsofszki/.m2/repository/org/springframework/spring-jdbc/6.0.13/spring-jdbc-6.0.13.jar:/Users/dominikocsofszki/.m2/repository/org/hibernate/orm/hibernate-core/6.2.13.Final/hibernate-core-6.2.13.Final.jar:/Users/dominikocsofszki/.m2/repository/jakarta/persistence/jakarta.persistence-api/3.1.0/jakarta.persistence-api-3.1.0.jar:/Users/dominikocsofszki/.m2/repository/jakarta/transaction/jakarta.transaction-api/2.0.1/jakarta.transaction-api-2.0.1.jar:/Users/dominikocsofszki/.m2/repository/org/jboss/logging/jboss-logging/3.5.3.Final/jboss-logging-3.5.3.Final.jar:/Users/dominikocsofszki/.m2/repository/org/hibernate/common/hibernate-commons-annotations/6.0.6.Final/hibernate-commons-annotations-6.0.6.Final.jar:/Users/dominikocsofszki/.m2/repository/io/smallrye/jandex/3.0.5/jandex-3.0.5.jar:/Users/dominikocsofszki/.m2/repository/com/fasterxml/classmate/1.5.1/classmate-1.5.1.jar:/Users/dominikocsofszki/.m2/repository/net/bytebuddy/byte-buddy/1.14.9/byte-buddy-1.14.9.jar:/Users/dominikocsofszki/.m2/repository/org/glassfish/jaxb/jaxb-runtime/4.0.3/jaxb-runtime-4.0.3.jar:/Users/dominikocsofszki/.m2/repository/org/glassfish/jaxb/jaxb-core/4.0.3/jaxb-core-4.0.3.jar:/Users/dominikocsofszki/.m2/repository/org/eclipse/angus/angus-activation/2.0.1/angus-activation-2.0.1.jar:/Users/dominikocsofszki/.m2/repository/org/glassfish/jaxb/txw2/4.0.3/txw2-4.0.3.jar:/Users/dominikocsofszki/.m2/repository/com/sun/istack/istack-commons-runtime/4.1.2/istack-commons-runtime-4.1.2.jar:/Users/dominikocsofszki/.m2/repository/jakarta/inject/jakarta.inject-api/2.0.1/jakarta.inject-api-2.0.1.jar:/Users/dominikocsofszki/.m2/repository/org/antlr/antlr4-runtime/4.10.1/antlr4-runtime-4.10.1.jar:/Users/dominikocsofszki/.m2/repository/org/springframework/data/spring-data-jpa/3.1.5/spring-data-jpa-3.1.5.jar:/Users/dominikocsofszki/.m2/repository/org/springframework/data/spring-data-commons/3.1.5/spring-data-commons-3.1.5.jar:/Users/dominikocsofszki/.m2/repository/org/springframework/spring-orm/6.0.13/spring-orm-6.0.13.jar:/Users/dominikocsofszki/.m2/repository/org/springframework/spring-context/6.0.13/spring-context-6.0.13.jar:/Users/dominikocsofszki/.m2/repository/org/springframework/spring-tx/6.0.13/spring-tx-6.0.13.jar:/Users/dominikocsofszki/.m2/repository/org/springframework/spring-beans/6.0.13/spring-beans-6.0.13.jar:/Users/dominikocsofszki/.m2/repository/jakarta/annotation/jakarta.annotation-api/2.1.1/jakarta.annotation-api-2.1.1.jar:/Users/dominikocsofszki/.m2/repository/org/slf4j/slf4j-api/2.0.9/slf4j-api-2.0.9.jar:/Users/dominikocsofszki/.m2/repository/org/springframework/spring-aspects/6.0.13/spring-aspects-6.0.13.jar:/Users/dominikocsofszki/.m2/repository/org/springframework/boot/spring-boot-starter-data-rest/3.1.5/spring-boot-starter-data-rest-3.1.5.jar:/Users/dominikocsofszki/.m2/repository/org/springframework/data/spring-data-rest-webmvc/4.1.5/spring-data-rest-webmvc-4.1.5.jar:/Users/dominikocsofszki/.m2/repository/org/springframework/data/spring-data-rest-core/4.1.5/spring-data-rest-core-4.1.5.jar:/Users/dominikocsofszki/.m2/repository/org/springframework/hateoas/spring-hateoas/2.1.2/spring-hateoas-2.1.2.jar:/Users/dominikocsofszki/.m2/repository/org/springframework/plugin/spring-plugin-core/3.0.0/spring-plugin-core-3.0.0.jar:/Users/dominikocsofszki/.m2/repository/org/atteo/evo-inflector/1.3/evo-inflector-1.3.jar:/Users/dominikocsofszki/.m2/repository/com/fasterxml/jackson/core/jackson-databind/2.15.3/jackson-databind-2.15.3.jar:/Users/dominikocsofszki/.m2/repository/com/fasterxml/jackson/core/jackson-core/2.15.3/jackson-core-2.15.3.jar:/Users/dominikocsofszki/.m2/repository/com/fasterxml/jackson/core/jackson-annotations/2.15.3/jackson-annotations-2.15.3.jar:/Users/dominikocsofszki/.m2/repository/org/springframework/boot/spring-boot-starter-web/3.1.5/spring-boot-starter-web-3.1.5.jar:/Users/dominikocsofszki/.m2/repository/org/springframework/boot/spring-boot-starter/3.1.5/spring-boot-starter-3.1.5.jar:/Users/dominikocsofszki/.m2/repository/org/springframework/boot/spring-boot/3.1.5/spring-boot-3.1.5.jar:/Users/dominikocsofszki/.m2/repository/org/springframework/boot/spring-boot-autoconfigure/3.1.5/spring-boot-autoconfigure-3.1.5.jar:/Users/dominikocsofszki/.m2/repository/org/springframework/boot/spring-boot-starter-logging/3.1.5/spring-boot-starter-logging-3.1.5.jar:/Users/dominikocsofszki/.m2/repository/ch/qos/logback/logback-classic/1.4.11/logback-classic-1.4.11.jar:/Users/dominikocsofszki/.m2/repository/ch/qos/logback/logback-core/1.4.11/logback-core-1.4.11.jar:/Users/dominikocsofszki/.m2/repository/org/apache/logging/log4j/log4j-to-slf4j/2.20.0/log4j-to-slf4j-2.20.0.jar:/Users/dominikocsofszki/.m2/repository/org/apache/logging/log4j/log4j-api/2.20.0/log4j-api-2.20.0.jar:/Users/dominikocsofszki/.m2/repository/org/slf4j/jul-to-slf4j/2.0.9/jul-to-slf4j-2.0.9.jar:/Users/dominikocsofszki/.m2/repository/org/yaml/snakeyaml/1.33/snakeyaml-1.33.jar:/Users/dominikocsofszki/.m2/repository/org/springframework/boot/spring-boot-starter-json/3.1.5/spring-boot-starter-json-3.1.5.jar:/Users/dominikocsofszki/.m2/repository/com/fasterxml/jackson/datatype/jackson-datatype-jdk8/2.15.3/jackson-datatype-jdk8-2.15.3.jar:/Users/dominikocsofszki/.m2/repository/com/fasterxml/jackson/datatype/jackson-datatype-jsr310/2.15.3/jackson-datatype-jsr310-2.15.3.jar:/Users/dominikocsofszki/.m2/repository/com/fasterxml/jackson/module/jackson-module-parameter-names/2.15.3/jackson-module-parameter-names-2.15.3.jar:/Users/dominikocsofszki/.m2/repository/org/springframework/boot/spring-boot-starter-tomcat/3.1.5/spring-boot-starter-tomcat-3.1.5.jar:/Users/dominikocsofszki/.m2/repository/org/apache/tomcat/embed/tomcat-embed-el/10.1.15/tomcat-embed-el-10.1.15.jar:/Users/dominikocsofszki/.m2/repository/org/springframework/spring-web/6.0.13/spring-web-6.0.13.jar:/Users/dominikocsofszki/.m2/repository/io/micrometer/micrometer-observation/1.11.5/micrometer-observation-1.11.5.jar:/Users/dominikocsofszki/.m2/repository/io/micrometer/micrometer-commons/1.11.5/micrometer-commons-1.11.5.jar:/Users/dominikocsofszki/.m2/repository/org/springframework/spring-webmvc/6.0.13/spring-webmvc-6.0.13.jar:/Users/dominikocsofszki/.m2/repository/org/springframework/spring-expression/6.0.13/spring-expression-6.0.13.jar:/Users/dominikocsofszki/.m2/repository/com/vaadin/vaadin-spring-boot-starter/24.1.12/vaadin-spring-boot-starter-24.1.12.jar:/Users/dominikocsofszki/.m2/repository/com/vaadin/vaadin-spring/24.1.14/vaadin-spring-24.1.14.jar:/Users/dominikocsofszki/.m2/repository/com/vaadin/flow-server/24.1.14/flow-server-24.1.14.jar:/Users/dominikocsofszki/.m2/repository/com/vaadin/servletdetector/throw-if-servlet3/1.0.2/throw-if-servlet3-1.0.2.jar:/Users/dominikocsofszki/.m2/repository/com/vaadin/external/gwt/gwt-elemental/2.8.2.vaadin2/gwt-elemental-2.8.2.vaadin2.jar:/Users/dominikocsofszki/.m2/repository/com/vaadin/flow-commons-upload/24.1.14/flow-commons-upload-24.1.14.jar:/Users/dominikocsofszki/.m2/repository/commons-io/commons-io/2.11.0/commons-io-2.11.0.jar:/Users/dominikocsofszki/.m2/repository/org/jsoup/jsoup/1.16.1/jsoup-1.16.1.jar:/Users/dominikocsofszki/.m2/repository/com/helger/ph-css/7.0.0/ph-css-7.0.0.jar:/Users/dominikocsofszki/.m2/repository/com/helger/commons/ph-commons/11.0.1/ph-commons-11.0.1.jar:/Users/dominikocsofszki/.m2/repository/org/ow2/asm/asm/9.5/asm-9.5.jar:/Users/dominikocsofszki/.m2/repository/com/vaadin/external/gentyref/1.2.0.vaadin1/gentyref-1.2.0.vaadin1.jar:/Users/dominikocsofszki/.m2/repository/org/apache/commons/commons-compress/1.24.0/commons-compress-1.24.0.jar:/Users/dominikocsofszki/.m2/repository/com/vaadin/flow-push/24.1.14/flow-push-24.1.14.jar:/Users/dominikocsofszki/.m2/repository/com/vaadin/external/atmosphere/atmosphere-runtime/3.0.3.slf4jvaadin1/atmosphere-runtime-3.0.3.slf4jvaadin1.jar:/Users/dominikocsofszki/.m2/repository/com/vaadin/flow-client/24.1.14/flow-client-24.1.14.jar:/Users/dominikocsofszki/.m2/repository/org/springframework/spring-websocket/6.0.13/spring-websocket-6.0.13.jar:/Users/dominikocsofszki/.m2/repository/org/hibernate/validator/hibernate-validator/8.0.1.Final/hibernate-validator-8.0.1.Final.jar:/Users/dominikocsofszki/.m2/repository/jakarta/validation/jakarta.validation-api/3.0.2/jakarta.validation-api-3.0.2.jar:/Users/dominikocsofszki/.m2/repository/org/reflections/reflections/0.10.2/reflections-0.10.2.jar:/Users/dominikocsofszki/.m2/repository/org/javassist/javassist/3.28.0-GA/javassist-3.28.0-GA.jar:/Users/dominikocsofszki/.m2/repository/com/google/code/findbugs/jsr305/3.0.2/jsr305-3.0.2.jar:/Users/dominikocsofszki/.m2/repository/com/vaadin/vaadin-core/24.1.12/vaadin-core-24.1.12.jar:/Users/dominikocsofszki/.m2/repository/com/vaadin/vaadin-core-internal/24.1.12/vaadin-core-internal-24.1.12.jar:/Users/dominikocsofszki/.m2/repository/com/vaadin/flow-lit-template/24.1.14/flow-lit-template-24.1.14.jar:/Users/dominikocsofszki/.m2/repository/com/vaadin/flow-html-components/24.1.14/flow-html-components-24.1.14.jar:/Users/dominikocsofszki/.m2/repository/com/vaadin/flow-data/24.1.14/flow-data-24.1.14.jar:/Users/dominikocsofszki/.m2/repository/com/vaadin/flow-dnd/24.1.14/flow-dnd-24.1.14.jar:/Users/dominikocsofszki/.m2/repository/com/vaadin/vaadin-lumo-theme/24.1.12/vaadin-lumo-theme-24.1.12.jar:/Users/dominikocsofszki/.m2/repository/com/vaadin/vaadin-material-theme/24.1.12/vaadin-material-theme-24.1.12.jar:/Users/dominikocsofszki/.m2/repository/com/vaadin/vaadin-accordion-flow/24.1.12/vaadin-accordion-flow-24.1.12.jar:/Users/dominikocsofszki/.m2/repository/com/vaadin/vaadin-avatar-flow/24.1.12/vaadin-avatar-flow-24.1.12.jar:/Users/dominikocsofszki/.m2/repository/com/vaadin/vaadin-flow-components-base/24.1.12/vaadin-flow-components-base-24.1.12.jar:/Users/dominikocsofszki/.m2/repository/com/vaadin/vaadin-button-flow/24.1.12/vaadin-button-flow-24.1.12.jar:/Users/dominikocsofszki/.m2/repository/com/vaadin/vaadin-checkbox-flow/24.1.12/vaadin-checkbox-flow-24.1.12.jar:/Users/dominikocsofszki/.m2/repository/com/vaadin/vaadin-combo-box-flow/24.1.12/vaadin-combo-box-flow-24.1.12.jar:/Users/dominikocsofszki/.m2/repository/com/vaadin/vaadin-confirm-dialog-flow/24.1.12/vaadin-confirm-dialog-flow-24.1.12.jar:/Users/dominikocsofszki/.m2/repository/com/vaadin/vaadin-custom-field-flow/24.1.12/vaadin-custom-field-flow-24.1.12.jar:/Users/dominikocsofszki/.m2/repository/com/vaadin/vaadin-date-picker-flow/24.1.12/vaadin-date-picker-flow-24.1.12.jar:/Users/dominikocsofszki/.m2/repository/com/vaadin/vaadin-date-time-picker-flow/24.1.12/vaadin-date-time-picker-flow-24.1.12.jar:/Users/dominikocsofszki/.m2/repository/com/vaadin/vaadin-details-flow/24.1.12/vaadin-details-flow-24.1.12.jar:/Users/dominikocsofszki/.m2/repository/com/vaadin/vaadin-time-picker-flow/24.1.12/vaadin-time-picker-flow-24.1.12.jar:/Users/dominikocsofszki/.m2/repository/com/vaadin/vaadin-select-flow/24.1.12/vaadin-select-flow-24.1.12.jar:/Users/dominikocsofszki/.m2/repository/com/vaadin/vaadin-side-nav-flow/24.1.12/vaadin-side-nav-flow-24.1.12.jar:/Users/dominikocsofszki/.m2/repository/com/vaadin/vaadin-dialog-flow/24.1.12/vaadin-dialog-flow-24.1.12.jar:/Users/dominikocsofszki/.m2/repository/com/vaadin/vaadin-form-layout-flow/24.1.12/vaadin-form-layout-flow-24.1.12.jar:/Users/dominikocsofszki/.m2/repository/com/vaadin/vaadin-field-highlighter-flow/24.1.12/vaadin-field-highlighter-flow-24.1.12.jar:/Users/dominikocsofszki/.m2/repository/com/vaadin/vaadin-grid-flow/24.1.12/vaadin-grid-flow-24.1.12.jar:/Users/dominikocsofszki/.m2/repository/org/apache/commons/commons-lang3/3.12.0/commons-lang3-3.12.0.jar:/Users/dominikocsofszki/.m2/repository/com/vaadin/vaadin-icons-flow/24.1.12/vaadin-icons-flow-24.1.12.jar:/Users/dominikocsofszki/.m2/repository/com/vaadin/vaadin-virtual-list-flow/24.1.12/vaadin-virtual-list-flow-24.1.12.jar:/Users/dominikocsofszki/.m2/repository/com/vaadin/vaadin-list-box-flow/24.1.12/vaadin-list-box-flow-24.1.12.jar:/Users/dominikocsofszki/.m2/repository/com/vaadin/vaadin-login-flow/24.1.12/vaadin-login-flow-24.1.12.jar:/Users/dominikocsofszki/.m2/repository/com/vaadin/vaadin-messages-flow/24.1.12/vaadin-messages-flow-24.1.12.jar:/Users/dominikocsofszki/.m2/repository/com/vaadin/vaadin-ordered-layout-flow/24.1.12/vaadin-ordered-layout-flow-24.1.12.jar:/Users/dominikocsofszki/.m2/repository/com/vaadin/vaadin-progress-bar-flow/24.1.12/vaadin-progress-bar-flow-24.1.12.jar:/Users/dominikocsofszki/.m2/repository/com/vaadin/vaadin-radio-button-flow/24.1.12/vaadin-radio-button-flow-24.1.12.jar:/Users/dominikocsofszki/.m2/repository/com/vaadin/vaadin-renderer-flow/24.1.12/vaadin-renderer-flow-24.1.12.jar:/Users/dominikocsofszki/.m2/repository/com/vaadin/vaadin-split-layout-flow/24.1.12/vaadin-split-layout-flow-24.1.12.jar:/Users/dominikocsofszki/.m2/repository/com/vaadin/vaadin-tabs-flow/24.1.12/vaadin-tabs-flow-24.1.12.jar:/Users/dominikocsofszki/.m2/repository/com/vaadin/vaadin-text-field-flow/24.1.12/vaadin-text-field-flow-24.1.12.jar:/Users/dominikocsofszki/.m2/repository/com/vaadin/vaadin-upload-flow/24.1.12/vaadin-upload-flow-24.1.12.jar:/Users/dominikocsofszki/.m2/repository/com/vaadin/vaadin-notification-flow/24.1.12/vaadin-notification-flow-24.1.12.jar:/Users/dominikocsofszki/.m2/repository/com/vaadin/vaadin-app-layout-flow/24.1.12/vaadin-app-layout-flow-24.1.12.jar:/Users/dominikocsofszki/.m2/repository/com/vaadin/vaadin-context-menu-flow/24.1.12/vaadin-context-menu-flow-24.1.12.jar:/Users/dominikocsofszki/.m2/repository/com/vaadin/vaadin-menu-bar-flow/24.1.12/vaadin-menu-bar-flow-24.1.12.jar:/Users/dominikocsofszki/.m2/repository/com/vaadin/vaadin-dev/24.1.12/vaadin-dev-24.1.12.jar:/Users/dominikocsofszki/.m2/repository/com/vaadin/vaadin-dev-server/24.1.14/vaadin-dev-server-24.1.14.jar:/Users/dominikocsofszki/.m2/repository/com/vaadin/license-checker/1.12.3/license-checker-1.12.3.jar:/Users/dominikocsofszki/.m2/repository/com/github/oshi/oshi-core/6.4.1/oshi-core-6.4.1.jar:/Users/dominikocsofszki/.m2/repository/net/java/dev/jna/jna/5.13.0/jna-5.13.0.jar:/Users/dominikocsofszki/.m2/repository/net/java/dev/jna/jna-platform/5.13.0/jna-platform-5.13.0.jar:/Users/dominikocsofszki/.m2/repository/com/nimbusds/nimbus-jose-jwt/9.31/nimbus-jose-jwt-9.31.jar:/Users/dominikocsofszki/.m2/repository/org/lucee/jcip-annotations/1.0.0/jcip-annotations-1.0.0.jar:/Users/dominikocsofszki/.m2/repository/com/vaadin/open/8.5.0/open-8.5.0.jar:/Users/dominikocsofszki/.m2/repository/com/github/javaparser/javaparser-core/3.25.3/javaparser-core-3.25.3.jar:/Users/dominikocsofszki/.m2/repository/io/methvin/directory-watcher/0.18.0/directory-watcher-0.18.0.jar:/Users/dominikocsofszki/.m2/repository/com/vaadin/vaadin-dev-bundle/24.1.12/vaadin-dev-bundle-24.1.12.jar:/Users/dominikocsofszki/.m2/repository/org/apache/tomcat/embed/tomcat-embed-core/10.1.15/tomcat-embed-core-10.1.15.jar:/Users/dominikocsofszki/.m2/repository/org/apache/tomcat/tomcat-annotations-api/10.1.15/tomcat-annotations-api-10.1.15.jar:/Users/dominikocsofszki/.m2/repository/org/apache/tomcat/embed/tomcat-embed-websocket/10.1.15/tomcat-embed-websocket-10.1.15.jar:/Users/dominikocsofszki/.m2/repository/org/postgresql/postgresql/42.6.0/postgresql-42.6.0.jar:/Users/dominikocsofszki/.m2/repository/org/checkerframework/checker-qual/3.31.0/checker-qual-3.31.0.jar:/Users/dominikocsofszki/.m2/repository/org/projectlombok/lombok/1.18.30/lombok-1.18.30.jar:/Users/dominikocsofszki/.m2/repository/org/springframework/boot/spring-boot-starter-test/3.1.5/spring-boot-starter-test-3.1.5.jar:/Users/dominikocsofszki/.m2/repository/org/springframework/boot/spring-boot-test/3.1.5/spring-boot-test-3.1.5.jar:/Users/dominikocsofszki/.m2/repository/org/springframework/boot/spring-boot-test-autoconfigure/3.1.5/spring-boot-test-autoconfigure-3.1.5.jar:/Users/dominikocsofszki/.m2/repository/com/jayway/jsonpath/json-path/2.8.0/json-path-2.8.0.jar:/Users/dominikocsofszki/.m2/repository/jakarta/xml/bind/jakarta.xml.bind-api/4.0.1/jakarta.xml.bind-api-4.0.1.jar:/Users/dominikocsofszki/.m2/repository/jakarta/activation/jakarta.activation-api/2.1.2/jakarta.activation-api-2.1.2.jar:/Users/dominikocsofszki/.m2/repository/net/minidev/json-smart/2.4.11/json-smart-2.4.11.jar:/Users/dominikocsofszki/.m2/repository/net/minidev/accessors-smart/2.4.11/accessors-smart-2.4.11.jar:/Users/dominikocsofszki/.m2/repository/org/assertj/assertj-core/3.24.2/assertj-core-3.24.2.jar:/Users/dominikocsofszki/.m2/repository/org/hamcrest/hamcrest/2.2/hamcrest-2.2.jar:/Users/dominikocsofszki/.m2/repository/org/junit/jupiter/junit-jupiter/5.9.3/junit-jupiter-5.9.3.jar:/Users/dominikocsofszki/.m2/repository/org/junit/jupiter/junit-jupiter-api/5.9.3/junit-jupiter-api-5.9.3.jar:/Users/dominikocsofszki/.m2/repository/org/opentest4j/opentest4j/1.2.0/opentest4j-1.2.0.jar:/Users/dominikocsofszki/.m2/repository/org/junit/platform/junit-platform-commons/1.9.3/junit-platform-commons-1.9.3.jar:/Users/dominikocsofszki/.m2/repository/org/apiguardian/apiguardian-api/1.1.2/apiguardian-api-1.1.2.jar:/Users/dominikocsofszki/.m2/repository/org/junit/jupiter/junit-jupiter-params/5.9.3/junit-jupiter-params-5.9.3.jar:/Users/dominikocsofszki/.m2/repository/org/junit/jupiter/junit-jupiter-engine/5.9.3/junit-jupiter-engine-5.9.3.jar:/Users/dominikocsofszki/.m2/repository/org/junit/platform/junit-platform-engine/1.9.3/junit-platform-engine-1.9.3.jar:/Users/dominikocsofszki/.m2/repository/org/mockito/mockito-core/5.3.1/mockito-core-5.3.1.jar:/Users/dominikocsofszki/.m2/repository/net/bytebuddy/byte-buddy-agent/1.14.9/byte-buddy-agent-1.14.9.jar:/Users/dominikocsofszki/.m2/repository/org/objenesis/objenesis/3.3/objenesis-3.3.jar:/Users/dominikocsofszki/.m2/repository/org/mockito/mockito-junit-jupiter/5.3.1/mockito-junit-jupiter-5.3.1.jar:/Users/dominikocsofszki/.m2/repository/org/skyscreamer/jsonassert/1.5.1/jsonassert-1.5.1.jar:/Users/dominikocsofszki/.m2/repository/com/vaadin/external/google/android-json/0.0.20131108.vaadin1/android-json-0.0.20131108.vaadin1.jar:/Users/dominikocsofszki/.m2/repository/org/springframework/spring-core/6.0.13/spring-core-6.0.13.jar:/Users/dominikocsofszki/.m2/repository/org/springframework/spring-jcl/6.0.13/spring-jcl-6.0.13.jar:/Users/dominikocsofszki/.m2/repository/org/springframework/spring-test/6.0.13/spring-test-6.0.13.jar:/Users/dominikocsofszki/.m2/repository/org/xmlunit/xmlunit-core/2.9.1/xmlunit-core-2.9.1.jar:"/>
    <property name="java.vm.vendor" value="Homebrew"/>
    <property name="sun.arch.data.model" value="64"/>
    <property name="spring.devtools.livereload.port" value="35729"/>
    <property name="java.vendor.url" value="https://github.com/Homebrew/homebrew-core/issues"/>
    <property name="user.timezone" value="Europe/Berlin"/>
    <property name="org.jboss.logging.provider" value="slf4j"/>
    <property name="os.name" value="Mac OS X"/>
    <property name="java.vm.specification.version" value="21"/>
    <property name="sun.java.launcher" value="SUN_STANDARD"/>
    <property name="user.country" value="DE"/>
    <property name="sun.boot.library.path" value="/opt/homebrew/Cellar/openjdk/21/libexec/openjdk.jdk/Contents/Home/lib"/>
    <property name="sun.java.command" value="/Users/dominikocsofszki/Dev/Vim/inf_se2_wise23_w.o.m.m/target/surefire/surefirebooter-20231026140334138_3.jar /Users/dominikocsofszki/Dev/Vim/inf_se2_wise23_w.o.m.m/target/surefire 2023-10-26T14-03-34_088-jvmRun1 surefire-20231026140334138_1tmp surefire_0-20231026140334138_2tmp"/>
    <property name="jdk.debug" value="release"/>
    <property name="surefire.test.class.path" value="/Users/dominikocsofszki/Dev/Vim/inf_se2_wise23_w.o.m.m/target/test-classes:/Users/dominikocsofszki/Dev/Vim/inf_se2_wise23_w.o.m.m/target/classes:/Users/dominikocsofszki/.m2/repository/org/springframework/boot/spring-boot-starter-data-jpa/3.1.5/spring-boot-starter-data-jpa-3.1.5.jar:/Users/dominikocsofszki/.m2/repository/org/springframework/boot/spring-boot-starter-aop/3.1.5/spring-boot-starter-aop-3.1.5.jar:/Users/dominikocsofszki/.m2/repository/org/springframework/spring-aop/6.0.13/spring-aop-6.0.13.jar:/Users/dominikocsofszki/.m2/repository/org/aspectj/aspectjweaver/1.9.20/aspectjweaver-1.9.20.jar:/Users/dominikocsofszki/.m2/repository/org/springframework/boot/spring-boot-starter-jdbc/3.1.5/spring-boot-starter-jdbc-3.1.5.jar:/Users/dominikocsofszki/.m2/repository/com/zaxxer/HikariCP/5.0.1/HikariCP-5.0.1.jar:/Users/dominikocsofszki/.m2/repository/org/springframework/spring-jdbc/6.0.13/spring-jdbc-6.0.13.jar:/Users/dominikocsofszki/.m2/repository/org/hibernate/orm/hibernate-core/6.2.13.Final/hibernate-core-6.2.13.Final.jar:/Users/dominikocsofszki/.m2/repository/jakarta/persistence/jakarta.persistence-api/3.1.0/jakarta.persistence-api-3.1.0.jar:/Users/dominikocsofszki/.m2/repository/jakarta/transaction/jakarta.transaction-api/2.0.1/jakarta.transaction-api-2.0.1.jar:/Users/dominikocsofszki/.m2/repository/org/jboss/logging/jboss-logging/3.5.3.Final/jboss-logging-3.5.3.Final.jar:/Users/dominikocsofszki/.m2/repository/org/hibernate/common/hibernate-commons-annotations/6.0.6.Final/hibernate-commons-annotations-6.0.6.Final.jar:/Users/dominikocsofszki/.m2/repository/io/smallrye/jandex/3.0.5/jandex-3.0.5.jar:/Users/dominikocsofszki/.m2/repository/com/fasterxml/classmate/1.5.1/classmate-1.5.1.jar:/Users/dominikocsofszki/.m2/repository/net/bytebuddy/byte-buddy/1.14.9/byte-buddy-1.14.9.jar:/Users/dominikocsofszki/.m2/repository/org/glassfish/jaxb/jaxb-runtime/4.0.3/jaxb-runtime-4.0.3.jar:/Users/dominikocsofszki/.m2/repository/org/glassfish/jaxb/jaxb-core/4.0.3/jaxb-core-4.0.3.jar:/Users/dominikocsofszki/.m2/repository/org/eclipse/angus/angus-activation/2.0.1/angus-activation-2.0.1.jar:/Users/dominikocsofszki/.m2/repository/org/glassfish/jaxb/txw2/4.0.3/txw2-4.0.3.jar:/Users/dominikocsofszki/.m2/repository/com/sun/istack/istack-commons-runtime/4.1.2/istack-commons-runtime-4.1.2.jar:/Users/dominikocsofszki/.m2/repository/jakarta/inject/jakarta.inject-api/2.0.1/jakarta.inject-api-2.0.1.jar:/Users/dominikocsofszki/.m2/repository/org/antlr/antlr4-runtime/4.10.1/antlr4-runtime-4.10.1.jar:/Users/dominikocsofszki/.m2/repository/org/springframework/data/spring-data-jpa/3.1.5/spring-data-jpa-3.1.5.jar:/Users/dominikocsofszki/.m2/repository/org/springframework/data/spring-data-commons/3.1.5/spring-data-commons-3.1.5.jar:/Users/dominikocsofszki/.m2/repository/org/springframework/spring-orm/6.0.13/spring-orm-6.0.13.jar:/Users/dominikocsofszki/.m2/repository/org/springframework/spring-context/6.0.13/spring-context-6.0.13.jar:/Users/dominikocsofszki/.m2/repository/org/springframework/spring-tx/6.0.13/spring-tx-6.0.13.jar:/Users/dominikocsofszki/.m2/repository/org/springframework/spring-beans/6.0.13/spring-beans-6.0.13.jar:/Users/dominikocsofszki/.m2/repository/jakarta/annotation/jakarta.annotation-api/2.1.1/jakarta.annotation-api-2.1.1.jar:/Users/dominikocsofszki/.m2/repository/org/slf4j/slf4j-api/2.0.9/slf4j-api-2.0.9.jar:/Users/dominikocsofszki/.m2/repository/org/springframework/spring-aspects/6.0.13/spring-aspects-6.0.13.jar:/Users/dominikocsofszki/.m2/repository/org/springframework/boot/spring-boot-starter-data-rest/3.1.5/spring-boot-starter-data-rest-3.1.5.jar:/Users/dominikocsofszki/.m2/repository/org/springframework/data/spring-data-rest-webmvc/4.1.5/spring-data-rest-webmvc-4.1.5.jar:/Users/dominikocsofszki/.m2/repository/org/springframework/data/spring-data-rest-core/4.1.5/spring-data-rest-core-4.1.5.jar:/Users/dominikocsofszki/.m2/repository/org/springframework/hateoas/spring-hateoas/2.1.2/spring-hateoas-2.1.2.jar:/Users/dominikocsofszki/.m2/repository/org/springframework/plugin/spring-plugin-core/3.0.0/spring-plugin-core-3.0.0.jar:/Users/dominikocsofszki/.m2/repository/org/atteo/evo-inflector/1.3/evo-inflector-1.3.jar:/Users/dominikocsofszki/.m2/repository/com/fasterxml/jackson/core/jackson-databind/2.15.3/jackson-databind-2.15.3.jar:/Users/dominikocsofszki/.m2/repository/com/fasterxml/jackson/core/jackson-core/2.15.3/jackson-core-2.15.3.jar:/Users/dominikocsofszki/.m2/repository/com/fasterxml/jackson/core/jackson-annotations/2.15.3/jackson-annotations-2.15.3.jar:/Users/dominikocsofszki/.m2/repository/org/springframework/boot/spring-boot-starter-web/3.1.5/spring-boot-starter-web-3.1.5.jar:/Users/dominikocsofszki/.m2/repository/org/springframework/boot/spring-boot-starter/3.1.5/spring-boot-starter-3.1.5.jar:/Users/dominikocsofszki/.m2/repository/org/springframework/boot/spring-boot/3.1.5/spring-boot-3.1.5.jar:/Users/dominikocsofszki/.m2/repository/org/springframework/boot/spring-boot-autoconfigure/3.1.5/spring-boot-autoconfigure-3.1.5.jar:/Users/dominikocsofszki/.m2/repository/org/springframework/boot/spring-boot-starter-logging/3.1.5/spring-boot-starter-logging-3.1.5.jar:/Users/dominikocsofszki/.m2/repository/ch/qos/logback/logback-classic/1.4.11/logback-classic-1.4.11.jar:/Users/dominikocsofszki/.m2/repository/ch/qos/logback/logback-core/1.4.11/logback-core-1.4.11.jar:/Users/dominikocsofszki/.m2/repository/org/apache/logging/log4j/log4j-to-slf4j/2.20.0/log4j-to-slf4j-2.20.0.jar:/Users/dominikocsofszki/.m2/repository/org/apache/logging/log4j/log4j-api/2.20.0/log4j-api-2.20.0.jar:/Users/dominikocsofszki/.m2/repository/org/slf4j/jul-to-slf4j/2.0.9/jul-to-slf4j-2.0.9.jar:/Users/dominikocsofszki/.m2/repository/org/yaml/snakeyaml/1.33/snakeyaml-1.33.jar:/Users/dominikocsofszki/.m2/repository/org/springframework/boot/spring-boot-starter-json/3.1.5/spring-boot-starter-json-3.1.5.jar:/Users/dominikocsofszki/.m2/repository/com/fasterxml/jackson/datatype/jackson-datatype-jdk8/2.15.3/jackson-datatype-jdk8-2.15.3.jar:/Users/dominikocsofszki/.m2/repository/com/fasterxml/jackson/datatype/jackson-datatype-jsr310/2.15.3/jackson-datatype-jsr310-2.15.3.jar:/Users/dominikocsofszki/.m2/repository/com/fasterxml/jackson/module/jackson-module-parameter-names/2.15.3/jackson-module-parameter-names-2.15.3.jar:/Users/dominikocsofszki/.m2/repository/org/springframework/boot/spring-boot-starter-tomcat/3.1.5/spring-boot-starter-tomcat-3.1.5.jar:/Users/dominikocsofszki/.m2/repository/org/apache/tomcat/embed/tomcat-embed-el/10.1.15/tomcat-embed-el-10.1.15.jar:/Users/dominikocsofszki/.m2/repository/org/springframework/spring-web/6.0.13/spring-web-6.0.13.jar:/Users/dominikocsofszki/.m2/repository/io/micrometer/micrometer-observation/1.11.5/micrometer-observation-1.11.5.jar:/Users/dominikocsofszki/.m2/repository/io/micrometer/micrometer-commons/1.11.5/micrometer-commons-1.11.5.jar:/Users/dominikocsofszki/.m2/repository/org/springframework/spring-webmvc/6.0.13/spring-webmvc-6.0.13.jar:/Users/dominikocsofszki/.m2/repository/org/springframework/spring-expression/6.0.13/spring-expression-6.0.13.jar:/Users/dominikocsofszki/.m2/repository/com/vaadin/vaadin-spring-boot-starter/24.1.12/vaadin-spring-boot-starter-24.1.12.jar:/Users/dominikocsofszki/.m2/repository/com/vaadin/vaadin-spring/24.1.14/vaadin-spring-24.1.14.jar:/Users/dominikocsofszki/.m2/repository/com/vaadin/flow-server/24.1.14/flow-server-24.1.14.jar:/Users/dominikocsofszki/.m2/repository/com/vaadin/servletdetector/throw-if-servlet3/1.0.2/throw-if-servlet3-1.0.2.jar:/Users/dominikocsofszki/.m2/repository/com/vaadin/external/gwt/gwt-elemental/2.8.2.vaadin2/gwt-elemental-2.8.2.vaadin2.jar:/Users/dominikocsofszki/.m2/repository/com/vaadin/flow-commons-upload/24.1.14/flow-commons-upload-24.1.14.jar:/Users/dominikocsofszki/.m2/repository/commons-io/commons-io/2.11.0/commons-io-2.11.0.jar:/Users/dominikocsofszki/.m2/repository/org/jsoup/jsoup/1.16.1/jsoup-1.16.1.jar:/Users/dominikocsofszki/.m2/repository/com/helger/ph-css/7.0.0/ph-css-7.0.0.jar:/Users/dominikocsofszki/.m2/repository/com/helger/commons/ph-commons/11.0.1/ph-commons-11.0.1.jar:/Users/dominikocsofszki/.m2/repository/org/ow2/asm/asm/9.5/asm-9.5.jar:/Users/dominikocsofszki/.m2/repository/com/vaadin/external/gentyref/1.2.0.vaadin1/gentyref-1.2.0.vaadin1.jar:/Users/dominikocsofszki/.m2/repository/org/apache/commons/commons-compress/1.24.0/commons-compress-1.24.0.jar:/Users/dominikocsofszki/.m2/repository/com/vaadin/flow-push/24.1.14/flow-push-24.1.14.jar:/Users/dominikocsofszki/.m2/repository/com/vaadin/external/atmosphere/atmosphere-runtime/3.0.3.slf4jvaadin1/atmosphere-runtime-3.0.3.slf4jvaadin1.jar:/Users/dominikocsofszki/.m2/repository/com/vaadin/flow-client/24.1.14/flow-client-24.1.14.jar:/Users/dominikocsofszki/.m2/repository/org/springframework/spring-websocket/6.0.13/spring-websocket-6.0.13.jar:/Users/dominikocsofszki/.m2/repository/org/hibernate/validator/hibernate-validator/8.0.1.Final/hibernate-validator-8.0.1.Final.jar:/Users/dominikocsofszki/.m2/repository/jakarta/validation/jakarta.validation-api/3.0.2/jakarta.validation-api-3.0.2.jar:/Users/dominikocsofszki/.m2/repository/org/reflections/reflections/0.10.2/reflections-0.10.2.jar:/Users/dominikocsofszki/.m2/repository/org/javassist/javassist/3.28.0-GA/javassist-3.28.0-GA.jar:/Users/dominikocsofszki/.m2/repository/com/google/code/findbugs/jsr305/3.0.2/jsr305-3.0.2.jar:/Users/dominikocsofszki/.m2/repository/com/vaadin/vaadin-core/24.1.12/vaadin-core-24.1.12.jar:/Users/dominikocsofszki/.m2/repository/com/vaadin/vaadin-core-internal/24.1.12/vaadin-core-internal-24.1.12.jar:/Users/dominikocsofszki/.m2/repository/com/vaadin/flow-lit-template/24.1.14/flow-lit-template-24.1.14.jar:/Users/dominikocsofszki/.m2/repository/com/vaadin/flow-html-components/24.1.14/flow-html-components-24.1.14.jar:/Users/dominikocsofszki/.m2/repository/com/vaadin/flow-data/24.1.14/flow-data-24.1.14.jar:/Users/dominikocsofszki/.m2/repository/com/vaadin/flow-dnd/24.1.14/flow-dnd-24.1.14.jar:/Users/dominikocsofszki/.m2/repository/com/vaadin/vaadin-lumo-theme/24.1.12/vaadin-lumo-theme-24.1.12.jar:/Users/dominikocsofszki/.m2/repository/com/vaadin/vaadin-material-theme/24.1.12/vaadin-material-theme-24.1.12.jar:/Users/dominikocsofszki/.m2/repository/com/vaadin/vaadin-accordion-flow/24.1.12/vaadin-accordion-flow-24.1.12.jar:/Users/dominikocsofszki/.m2/repository/com/vaadin/vaadin-avatar-flow/24.1.12/vaadin-avatar-flow-24.1.12.jar:/Users/dominikocsofszki/.m2/repository/com/vaadin/vaadin-flow-components-base/24.1.12/vaadin-flow-components-base-24.1.12.jar:/Users/dominikocsofszki/.m2/repository/com/vaadin/vaadin-button-flow/24.1.12/vaadin-button-flow-24.1.12.jar:/Users/dominikocsofszki/.m2/repository/com/vaadin/vaadin-checkbox-flow/24.1.12/vaadin-checkbox-flow-24.1.12.jar:/Users/dominikocsofszki/.m2/repository/com/vaadin/vaadin-combo-box-flow/24.1.12/vaadin-combo-box-flow-24.1.12.jar:/Users/dominikocsofszki/.m2/repository/com/vaadin/vaadin-confirm-dialog-flow/24.1.12/vaadin-confirm-dialog-flow-24.1.12.jar:/Users/dominikocsofszki/.m2/repository/com/vaadin/vaadin-custom-field-flow/24.1.12/vaadin-custom-field-flow-24.1.12.jar:/Users/dominikocsofszki/.m2/repository/com/vaadin/vaadin-date-picker-flow/24.1.12/vaadin-date-picker-flow-24.1.12.jar:/Users/dominikocsofszki/.m2/repository/com/vaadin/vaadin-date-time-picker-flow/24.1.12/vaadin-date-time-picker-flow-24.1.12.jar:/Users/dominikocsofszki/.m2/repository/com/vaadin/vaadin-details-flow/24.1.12/vaadin-details-flow-24.1.12.jar:/Users/dominikocsofszki/.m2/repository/com/vaadin/vaadin-time-picker-flow/24.1.12/vaadin-time-picker-flow-24.1.12.jar:/Users/dominikocsofszki/.m2/repository/com/vaadin/vaadin-select-flow/24.1.12/vaadin-select-flow-24.1.12.jar:/Users/dominikocsofszki/.m2/repository/com/vaadin/vaadin-side-nav-flow/24.1.12/vaadin-side-nav-flow-24.1.12.jar:/Users/dominikocsofszki/.m2/repository/com/vaadin/vaadin-dialog-flow/24.1.12/vaadin-dialog-flow-24.1.12.jar:/Users/dominikocsofszki/.m2/repository/com/vaadin/vaadin-form-layout-flow/24.1.12/vaadin-form-layout-flow-24.1.12.jar:/Users/dominikocsofszki/.m2/repository/com/vaadin/vaadin-field-highlighter-flow/24.1.12/vaadin-field-highlighter-flow-24.1.12.jar:/Users/dominikocsofszki/.m2/repository/com/vaadin/vaadin-grid-flow/24.1.12/vaadin-grid-flow-24.1.12.jar:/Users/dominikocsofszki/.m2/repository/org/apache/commons/commons-lang3/3.12.0/commons-lang3-3.12.0.jar:/Users/dominikocsofszki/.m2/repository/com/vaadin/vaadin-icons-flow/24.1.12/vaadin-icons-flow-24.1.12.jar:/Users/dominikocsofszki/.m2/repository/com/vaadin/vaadin-virtual-list-flow/24.1.12/vaadin-virtual-list-flow-24.1.12.jar:/Users/dominikocsofszki/.m2/repository/com/vaadin/vaadin-list-box-flow/24.1.12/vaadin-list-box-flow-24.1.12.jar:/Users/dominikocsofszki/.m2/repository/com/vaadin/vaadin-login-flow/24.1.12/vaadin-login-flow-24.1.12.jar:/Users/dominikocsofszki/.m2/repository/com/vaadin/vaadin-messages-flow/24.1.12/vaadin-messages-flow-24.1.12.jar:/Users/dominikocsofszki/.m2/repository/com/vaadin/vaadin-ordered-layout-flow/24.1.12/vaadin-ordered-layout-flow-24.1.12.jar:/Users/dominikocsofszki/.m2/repository/com/vaadin/vaadin-progress-bar-flow/24.1.12/vaadin-progress-bar-flow-24.1.12.jar:/Users/dominikocsofszki/.m2/repository/com/vaadin/vaadin-radio-button-flow/24.1.12/vaadin-radio-button-flow-24.1.12.jar:/Users/dominikocsofszki/.m2/repository/com/vaadin/vaadin-renderer-flow/24.1.12/vaadin-renderer-flow-24.1.12.jar:/Users/dominikocsofszki/.m2/repository/com/vaadin/vaadin-split-layout-flow/24.1.12/vaadin-split-layout-flow-24.1.12.jar:/Users/dominikocsofszki/.m2/repository/com/vaadin/vaadin-tabs-flow/24.1.12/vaadin-tabs-flow-24.1.12.jar:/Users/dominikocsofszki/.m2/repository/com/vaadin/vaadin-text-field-flow/24.1.12/vaadin-text-field-flow-24.1.12.jar:/Users/dominikocsofszki/.m2/repository/com/vaadin/vaadin-upload-flow/24.1.12/vaadin-upload-flow-24.1.12.jar:/Users/dominikocsofszki/.m2/repository/com/vaadin/vaadin-notification-flow/24.1.12/vaadin-notification-flow-24.1.12.jar:/Users/dominikocsofszki/.m2/repository/com/vaadin/vaadin-app-layout-flow/24.1.12/vaadin-app-layout-flow-24.1.12.jar:/Users/dominikocsofszki/.m2/repository/com/vaadin/vaadin-context-menu-flow/24.1.12/vaadin-context-menu-flow-24.1.12.jar:/Users/dominikocsofszki/.m2/repository/com/vaadin/vaadin-menu-bar-flow/24.1.12/vaadin-menu-bar-flow-24.1.12.jar:/Users/dominikocsofszki/.m2/repository/com/vaadin/vaadin-dev/24.1.12/vaadin-dev-24.1.12.jar:/Users/dominikocsofszki/.m2/repository/com/vaadin/vaadin-dev-server/24.1.14/vaadin-dev-server-24.1.14.jar:/Users/dominikocsofszki/.m2/repository/com/vaadin/license-checker/1.12.3/license-checker-1.12.3.jar:/Users/dominikocsofszki/.m2/repository/com/github/oshi/oshi-core/6.4.1/oshi-core-6.4.1.jar:/Users/dominikocsofszki/.m2/repository/net/java/dev/jna/jna/5.13.0/jna-5.13.0.jar:/Users/dominikocsofszki/.m2/repository/net/java/dev/jna/jna-platform/5.13.0/jna-platform-5.13.0.jar:/Users/dominikocsofszki/.m2/repository/com/nimbusds/nimbus-jose-jwt/9.31/nimbus-jose-jwt-9.31.jar:/Users/dominikocsofszki/.m2/repository/org/lucee/jcip-annotations/1.0.0/jcip-annotations-1.0.0.jar:/Users/dominikocsofszki/.m2/repository/com/vaadin/open/8.5.0/open-8.5.0.jar:/Users/dominikocsofszki/.m2/repository/com/github/javaparser/javaparser-core/3.25.3/javaparser-core-3.25.3.jar:/Users/dominikocsofszki/.m2/repository/io/methvin/directory-watcher/0.18.0/directory-watcher-0.18.0.jar:/Users/dominikocsofszki/.m2/repository/com/vaadin/vaadin-dev-bundle/24.1.12/vaadin-dev-bundle-24.1.12.jar:/Users/dominikocsofszki/.m2/repository/org/apache/tomcat/embed/tomcat-embed-core/10.1.15/tomcat-embed-core-10.1.15.jar:/Users/dominikocsofszki/.m2/repository/org/apache/tomcat/tomcat-annotations-api/10.1.15/tomcat-annotations-api-10.1.15.jar:/Users/dominikocsofszki/.m2/repository/org/apache/tomcat/embed/tomcat-embed-websocket/10.1.15/tomcat-embed-websocket-10.1.15.jar:/Users/dominikocsofszki/.m2/repository/org/postgresql/postgresql/42.6.0/postgresql-42.6.0.jar:/Users/dominikocsofszki/.m2/repository/org/checkerframework/checker-qual/3.31.0/checker-qual-3.31.0.jar:/Users/dominikocsofszki/.m2/repository/org/projectlombok/lombok/1.18.30/lombok-1.18.30.jar:/Users/dominikocsofszki/.m2/repository/org/springframework/boot/spring-boot-starter-test/3.1.5/spring-boot-starter-test-3.1.5.jar:/Users/dominikocsofszki/.m2/repository/org/springframework/boot/spring-boot-test/3.1.5/spring-boot-test-3.1.5.jar:/Users/dominikocsofszki/.m2/repository/org/springframework/boot/spring-boot-test-autoconfigure/3.1.5/spring-boot-test-autoconfigure-3.1.5.jar:/Users/dominikocsofszki/.m2/repository/com/jayway/jsonpath/json-path/2.8.0/json-path-2.8.0.jar:/Users/dominikocsofszki/.m2/repository/jakarta/xml/bind/jakarta.xml.bind-api/4.0.1/jakarta.xml.bind-api-4.0.1.jar:/Users/dominikocsofszki/.m2/repository/jakarta/activation/jakarta.activation-api/2.1.2/jakarta.activation-api-2.1.2.jar:/Users/dominikocsofszki/.m2/repository/net/minidev/json-smart/2.4.11/json-smart-2.4.11.jar:/Users/dominikocsofszki/.m2/repository/net/minidev/accessors-smart/2.4.11/accessors-smart-2.4.11.jar:/Users/dominikocsofszki/.m2/repository/org/assertj/assertj-core/3.24.2/assertj-core-3.24.2.jar:/Users/dominikocsofszki/.m2/repository/org/hamcrest/hamcrest/2.2/hamcrest-2.2.jar:/Users/dominikocsofszki/.m2/repository/org/junit/jupiter/junit-jupiter/5.9.3/junit-jupiter-5.9.3.jar:/Users/dominikocsofszki/.m2/repository/org/junit/jupiter/junit-jupiter-api/5.9.3/junit-jupiter-api-5.9.3.jar:/Users/dominikocsofszki/.m2/repository/org/opentest4j/opentest4j/1.2.0/opentest4j-1.2.0.jar:/Users/dominikocsofszki/.m2/repository/org/junit/platform/junit-platform-commons/1.9.3/junit-platform-commons-1.9.3.jar:/Users/dominikocsofszki/.m2/repository/org/apiguardian/apiguardian-api/1.1.2/apiguardian-api-1.1.2.jar:/Users/dominikocsofszki/.m2/repository/org/junit/jupiter/junit-jupiter-params/5.9.3/junit-jupiter-params-5.9.3.jar:/Users/dominikocsofszki/.m2/repository/org/junit/jupiter/junit-jupiter-engine/5.9.3/junit-jupiter-engine-5.9.3.jar:/Users/dominikocsofszki/.m2/repository/org/junit/platform/junit-platform-engine/1.9.3/junit-platform-engine-1.9.3.jar:/Users/dominikocsofszki/.m2/repository/org/mockito/mockito-core/5.3.1/mockito-core-5.3.1.jar:/Users/dominikocsofszki/.m2/repository/net/bytebuddy/byte-buddy-agent/1.14.9/byte-buddy-agent-1.14.9.jar:/Users/dominikocsofszki/.m2/repository/org/objenesis/objenesis/3.3/objenesis-3.3.jar:/Users/dominikocsofszki/.m2/repository/org/mockito/mockito-junit-jupiter/5.3.1/mockito-junit-jupiter-5.3.1.jar:/Users/dominikocsofszki/.m2/repository/org/skyscreamer/jsonassert/1.5.1/jsonassert-1.5.1.jar:/Users/dominikocsofszki/.m2/repository/com/vaadin/external/google/android-json/0.0.20131108.vaadin1/android-json-0.0.20131108.vaadin1.jar:/Users/dominikocsofszki/.m2/repository/org/springframework/spring-core/6.0.13/spring-core-6.0.13.jar:/Users/dominikocsofszki/.m2/repository/org/springframework/spring-jcl/6.0.13/spring-jcl-6.0.13.jar:/Users/dominikocsofszki/.m2/repository/org/springframework/spring-test/6.0.13/spring-test-6.0.13.jar:/Users/dominikocsofszki/.m2/repository/org/xmlunit/xmlunit-core/2.9.1/xmlunit-core-2.9.1.jar:"/>
    <property name="sun.cpu.endian" value="little"/>
    <property name="user.home" value="/Users/dominikocsofszki"/>
    <property name="user.language" value="en"/>
    <property name="java.specification.vendor" value="Oracle Corporation"/>
    <property name="java.version.date" value="2023-09-19"/>
    <property name="java.home" value="/opt/homebrew/Cellar/openjdk/21/libexec/openjdk.jdk/Contents/Home"/>
    <property name="file.separator" value="/"/>
    <property name="basedir" value="/Users/dominikocsofszki/Dev/Vim/inf_se2_wise23_w.o.m.m"/>
    <property name="java.vm.compressedOopsMode" value="Zero based"/>
    <property name="line.separator" value="&#10;"/>
    <property name="java.vm.specification.vendor" value="Oracle Corporation"/>
    <property name="java.specification.name" value="Java Platform API Specification"/>
    <property name="FILE_LOG_CHARSET" value="UTF-8"/>
    <property name="java.awt.headless" value="true"/>
    <property name="apple.awt.application.name" value="ForkedBooter"/>
    <property name="surefire.real.class.path" value="/Users/dominikocsofszki/Dev/Vim/inf_se2_wise23_w.o.m.m/target/surefire/surefirebooter-20231026140334138_3.jar"/>
    <property name="sun.management.compiler" value="HotSpot 64-Bit Tiered Compilers"/>
    <property name="java.runtime.version" value="21"/>
    <property name="user.name" value="dominikocsofszki"/>
    <property name="stdout.encoding" value="UTF-8"/>
    <property name="path.separator" value=":"/>
    <property name="os.version" value="14.0"/>
    <property name="java.runtime.name" value="OpenJDK Runtime Environment"/>
    <property name="file.encoding" value="UTF-8"/>
    <property name="java.vm.name" value="OpenJDK 64-Bit Server VM"/>
    <property name="java.vendor.version" value="Homebrew"/>
    <property name="localRepository" value="/Users/dominikocsofszki/.m2/repository"/>
    <property name="java.vendor.url.bug" value="https://github.com/Homebrew/homebrew-core/issues"/>
    <property name="java.io.tmpdir" value="/var/folders/82/f7qw1z6s56j4rk85z0173v7r0000gn/T/"/>
    <property name="java.version" value="21"/>
    <property name="user.dir" value="/Users/dominikocsofszki/Dev/Vim/inf_se2_wise23_w.o.m.m"/>
    <property name="os.arch" value="aarch64"/>
    <property name="java.vm.specification.name" value="Java Virtual Machine Specification"/>
    <property name="PID" value="82333"/>
    <property name="CONSOLE_LOG_CHARSET" value="UTF-8"/>
    <property name="native.encoding" value="UTF-8"/>
    <property name="java.library.path" value="/Users/dominikocsofszki/Library/Java/Extensions:/Library/Java/Extensions:/Network/Library/Java/Extensions:/System/Library/Java/Extensions:/usr/lib/java:."/>
    <property name="java.vm.info" value="mixed mode, sharing"/>
    <property name="stderr.encoding" value="UTF-8"/>
    <property name="java.vendor" value="Homebrew"/>
    <property name="java.vm.version" value="21"/>
    <property name="sun.io.unicode.encoding" value="UnicodeBig"/>
    <property name="java.class.version" value="65.0"/>
  </properties>
  <testcase name="contextLoads" classname="de.hbrs.se2.womm.DemoApplicationTests" time="0.002">
    <error message="Failed to load ApplicationContext for [WebMergedContextConfiguration@1a8b81e8 testClass = de.hbrs.se2.womm.DemoApplicationTests, locations = [], classes = [de.hbrs.se2.womm.DemoApplication], contextInitializerClasses = [], activeProfiles = [], propertySourceLocations = [], propertySourceProperties = [&quot;org.springframework.boot.test.context.SpringBootTestContextBootstrapper=true&quot;], contextCustomizers = [org.springframework.boot.test.context.filter.ExcludeFilterContextCustomizer@17fc391b, org.springframework.boot.test.json.DuplicateJsonObjectContextCustomizerFactory$DuplicateJsonObjectContextCustomizer@6d60fe40, org.springframework.boot.test.mock.mockito.MockitoContextCustomizer@0, org.springframework.boot.test.web.client.TestRestTemplateContextCustomizer@c430e6c, org.springframework.boot.test.autoconfigure.actuate.observability.ObservabilityContextCustomizerFactory$DisableObservabilityContextCustomizer@1f, org.springframework.boot.test.autoconfigure.properties.PropertyMappingContextCustomizer@0, org.springframework.boot.test.autoconfigure.web.servlet.WebDriverContextCustomizer@f1da57d, org.springframework.boot.test.context.SpringBootTestAnnotation@cc49848d], resourceBasePath = &quot;src/main/webapp&quot;, contextLoader = org.springframework.boot.test.context.SpringBootContextLoader, parent = null]" type="java.lang.IllegalStateException"><![CDATA[java.lang.IllegalStateException: Failed to load ApplicationContext for [WebMergedContextConfiguration@1a8b81e8 testClass = de.hbrs.se2.womm.DemoApplicationTests, locations = [], classes = [de.hbrs.se2.womm.DemoApplication], contextInitializerClasses = [], activeProfiles = [], propertySourceLocations = [], propertySourceProperties = ["org.springframework.boot.test.context.SpringBootTestContextBootstrapper=true"], contextCustomizers = [org.springframework.boot.test.context.filter.ExcludeFilterContextCustomizer@17fc391b, org.springframework.boot.test.json.DuplicateJsonObjectContextCustomizerFactory$DuplicateJsonObjectContextCustomizer@6d60fe40, org.springframework.boot.test.mock.mockito.MockitoContextCustomizer@0, org.springframework.boot.test.web.client.TestRestTemplateContextCustomizer@c430e6c, org.springframework.boot.test.autoconfigure.actuate.observability.ObservabilityContextCustomizerFactory$DisableObservabilityContextCustomizer@1f, org.springframework.boot.test.autoconfigure.properties.PropertyMappingContextCustomizer@0, org.springframework.boot.test.autoconfigure.web.servlet.WebDriverContextCustomizer@f1da57d, org.springframework.boot.test.context.SpringBootTestAnnotation@cc49848d], resourceBasePath = "src/main/webapp", contextLoader = org.springframework.boot.test.context.SpringBootContextLoader, parent = null]
	at org.springframework.test.context.cache.DefaultCacheAwareContextLoaderDelegate.loadContext(DefaultCacheAwareContextLoaderDelegate.java:143)
	at org.springframework.test.context.support.DefaultTestContext.getApplicationContext(DefaultTestContext.java:127)
	at org.springframework.test.context.web.ServletTestExecutionListener.setUpRequestContextIfNecessary(ServletTestExecutionListener.java:191)
	at org.springframework.test.context.web.ServletTestExecutionListener.prepareTestInstance(ServletTestExecutionListener.java:130)
	at org.springframework.test.context.TestContextManager.prepareTestInstance(TestContextManager.java:241)
	at org.springframework.test.context.junit.jupiter.SpringExtension.postProcessTestInstance(SpringExtension.java:138)
	at org.junit.jupiter.engine.descriptor.ClassBasedTestDescriptor.lambda$invokeTestInstancePostProcessors$10(ClassBasedTestDescriptor.java:377)
	at org.junit.jupiter.engine.descriptor.ClassBasedTestDescriptor.executeAndMaskThrowable(ClassBasedTestDescriptor.java:382)
	at org.junit.jupiter.engine.descriptor.ClassBasedTestDescriptor.lambda$invokeTestInstancePostProcessors$11(ClassBasedTestDescriptor.java:377)
	at java.base/java.util.stream.ReferencePipeline$3$1.accept(ReferencePipeline.java:197)
	at java.base/java.util.stream.ReferencePipeline$2$1.accept(ReferencePipeline.java:179)
	at java.base/java.util.ArrayList$ArrayListSpliterator.forEachRemaining(ArrayList.java:1708)
	at java.base/java.util.stream.AbstractPipeline.copyInto(AbstractPipeline.java:509)
	at java.base/java.util.stream.AbstractPipeline.wrapAndCopyInto(AbstractPipeline.java:499)
	at java.base/java.util.stream.StreamSpliterators$WrappingSpliterator.forEachRemaining(StreamSpliterators.java:310)
	at java.base/java.util.stream.Streams$ConcatSpliterator.forEachRemaining(Streams.java:735)
	at java.base/java.util.stream.Streams$ConcatSpliterator.forEachRemaining(Streams.java:734)
	at java.base/java.util.stream.ReferencePipeline$Head.forEach(ReferencePipeline.java:762)
	at org.junit.jupiter.engine.descriptor.ClassBasedTestDescriptor.invokeTestInstancePostProcessors(ClassBasedTestDescriptor.java:376)
	at org.junit.jupiter.engine.descriptor.ClassBasedTestDescriptor.lambda$instantiateAndPostProcessTestInstance$6(ClassBasedTestDescriptor.java:289)
	at org.junit.platform.engine.support.hierarchical.ThrowableCollector.execute(ThrowableCollector.java:73)
	at org.junit.jupiter.engine.descriptor.ClassBasedTestDescriptor.instantiateAndPostProcessTestInstance(ClassBasedTestDescriptor.java:288)
	at org.junit.jupiter.engine.descriptor.ClassBasedTestDescriptor.lambda$testInstancesProvider$4(ClassBasedTestDescriptor.java:278)
	at java.base/java.util.Optional.orElseGet(Optional.java:364)
	at org.junit.jupiter.engine.descriptor.ClassBasedTestDescriptor.lambda$testInstancesProvider$5(ClassBasedTestDescriptor.java:277)
	at org.junit.jupiter.engine.execution.TestInstancesProvider.getTestInstances(TestInstancesProvider.java:31)
	at org.junit.jupiter.engine.descriptor.TestMethodTestDescriptor.lambda$prepare$0(TestMethodTestDescriptor.java:105)
	at org.junit.platform.engine.support.hierarchical.ThrowableCollector.execute(ThrowableCollector.java:73)
	at org.junit.jupiter.engine.descriptor.TestMethodTestDescriptor.prepare(TestMethodTestDescriptor.java:104)
	at org.junit.jupiter.engine.descriptor.TestMethodTestDescriptor.prepare(TestMethodTestDescriptor.java:68)
	at org.junit.platform.engine.support.hierarchical.NodeTestTask.lambda$prepare$2(NodeTestTask.java:123)
	at org.junit.platform.engine.support.hierarchical.ThrowableCollector.execute(ThrowableCollector.java:73)
	at org.junit.platform.engine.support.hierarchical.NodeTestTask.prepare(NodeTestTask.java:123)
	at org.junit.platform.engine.support.hierarchical.NodeTestTask.execute(NodeTestTask.java:90)
	at java.base/java.util.ArrayList.forEach(ArrayList.java:1596)
	at org.junit.platform.engine.support.hierarchical.SameThreadHierarchicalTestExecutorService.invokeAll(SameThreadHierarchicalTestExecutorService.java:41)
	at org.junit.platform.engine.support.hierarchical.NodeTestTask.lambda$executeRecursively$6(NodeTestTask.java:155)
	at org.junit.platform.engine.support.hierarchical.ThrowableCollector.execute(ThrowableCollector.java:73)
	at org.junit.platform.engine.support.hierarchical.NodeTestTask.lambda$executeRecursively$8(NodeTestTask.java:141)
	at org.junit.platform.engine.support.hierarchical.Node.around(Node.java:137)
	at org.junit.platform.engine.support.hierarchical.NodeTestTask.lambda$executeRecursively$9(NodeTestTask.java:139)
	at org.junit.platform.engine.support.hierarchical.ThrowableCollector.execute(ThrowableCollector.java:73)
	at org.junit.platform.engine.support.hierarchical.NodeTestTask.executeRecursively(NodeTestTask.java:138)
	at org.junit.platform.engine.support.hierarchical.NodeTestTask.execute(NodeTestTask.java:95)
	at java.base/java.util.ArrayList.forEach(ArrayList.java:1596)
	at org.junit.platform.engine.support.hierarchical.SameThreadHierarchicalTestExecutorService.invokeAll(SameThreadHierarchicalTestExecutorService.java:41)
	at org.junit.platform.engine.support.hierarchical.NodeTestTask.lambda$executeRecursively$6(NodeTestTask.java:155)
	at org.junit.platform.engine.support.hierarchical.ThrowableCollector.execute(ThrowableCollector.java:73)
	at org.junit.platform.engine.support.hierarchical.NodeTestTask.lambda$executeRecursively$8(NodeTestTask.java:141)
	at org.junit.platform.engine.support.hierarchical.Node.around(Node.java:137)
	at org.junit.platform.engine.support.hierarchical.NodeTestTask.lambda$executeRecursively$9(NodeTestTask.java:139)
	at org.junit.platform.engine.support.hierarchical.ThrowableCollector.execute(ThrowableCollector.java:73)
	at org.junit.platform.engine.support.hierarchical.NodeTestTask.executeRecursively(NodeTestTask.java:138)
	at org.junit.platform.engine.support.hierarchical.NodeTestTask.execute(NodeTestTask.java:95)
	at org.junit.platform.engine.support.hierarchical.SameThreadHierarchicalTestExecutorService.submit(SameThreadHierarchicalTestExecutorService.java:35)
	at org.junit.platform.engine.support.hierarchical.HierarchicalTestExecutor.execute(HierarchicalTestExecutor.java:57)
	at org.junit.platform.engine.support.hierarchical.HierarchicalTestEngine.execute(HierarchicalTestEngine.java:54)
	at org.junit.platform.launcher.core.EngineExecutionOrchestrator.execute(EngineExecutionOrchestrator.java:147)
	at org.junit.platform.launcher.core.EngineExecutionOrchestrator.execute(EngineExecutionOrchestrator.java:127)
	at org.junit.platform.launcher.core.EngineExecutionOrchestrator.execute(EngineExecutionOrchestrator.java:90)
	at org.junit.platform.launcher.core.EngineExecutionOrchestrator.lambda$execute$0(EngineExecutionOrchestrator.java:55)
	at org.junit.platform.launcher.core.EngineExecutionOrchestrator.withInterceptedStreams(EngineExecutionOrchestrator.java:102)
	at org.junit.platform.launcher.core.EngineExecutionOrchestrator.execute(EngineExecutionOrchestrator.java:54)
	at org.junit.platform.launcher.core.DefaultLauncher.execute(DefaultLauncher.java:114)
	at org.junit.platform.launcher.core.DefaultLauncher.execute(DefaultLauncher.java:86)
	at org.junit.platform.launcher.core.DefaultLauncherSession$DelegatingLauncher.execute(DefaultLauncherSession.java:86)
	at org.apache.maven.surefire.junitplatform.LazyLauncher.execute(LazyLauncher.java:50)
	at org.apache.maven.surefire.junitplatform.JUnitPlatformProvider.execute(JUnitPlatformProvider.java:184)
	at org.apache.maven.surefire.junitplatform.JUnitPlatformProvider.invokeAllTests(JUnitPlatformProvider.java:148)
	at org.apache.maven.surefire.junitplatform.JUnitPlatformProvider.invoke(JUnitPlatformProvider.java:122)
	at org.apache.maven.surefire.booter.ForkedBooter.runSuitesInProcess(ForkedBooter.java:385)
	at org.apache.maven.surefire.booter.ForkedBooter.execute(ForkedBooter.java:162)
	at org.apache.maven.surefire.booter.ForkedBooter.run(ForkedBooter.java:507)
	at org.apache.maven.surefire.booter.ForkedBooter.main(ForkedBooter.java:495)
Caused by: org.springframework.beans.factory.UnsatisfiedDependencyException: Error creating bean with name 'dataSourceScriptDatabaseInitializer' defined in class path resource [org/springframework/boot/autoconfigure/sql/init/DataSourceInitializationConfiguration.class]: Unsatisfied dependency expressed through method 'dataSourceScriptDatabaseInitializer' parameter 0: Error creating bean with name 'dataSource' defined in class path resource [org/springframework/boot/autoconfigure/jdbc/DataSourceConfiguration$Hikari.class]: Failed to instantiate [com.zaxxer.hikari.HikariDataSource]: Factory method 'dataSource' threw exception with message: Failed to determine a suitable driver class
	at org.springframework.beans.factory.support.ConstructorResolver.createArgumentArray(ConstructorResolver.java:801)
	at org.springframework.beans.factory.support.ConstructorResolver.instantiateUsingFactoryMethod(ConstructorResolver.java:545)
	at org.springframework.beans.factory.support.AbstractAutowireCapableBeanFactory.instantiateUsingFactoryMethod(AbstractAutowireCapableBeanFactory.java:1332)
	at org.springframework.beans.factory.support.AbstractAutowireCapableBeanFactory.createBeanInstance(AbstractAutowireCapableBeanFactory.java:1162)
	at org.springframework.beans.factory.support.AbstractAutowireCapableBeanFactory.doCreateBean(AbstractAutowireCapableBeanFactory.java:560)
	at org.springframework.beans.factory.support.AbstractAutowireCapableBeanFactory.createBean(AbstractAutowireCapableBeanFactory.java:520)
	at org.springframework.beans.factory.support.AbstractBeanFactory.lambda$doGetBean$0(AbstractBeanFactory.java:325)
	at org.springframework.beans.factory.support.DefaultSingletonBeanRegistry.getSingleton(DefaultSingletonBeanRegistry.java:234)
	at org.springframework.beans.factory.support.AbstractBeanFactory.doGetBean(AbstractBeanFactory.java:323)
	at org.springframework.beans.factory.support.AbstractBeanFactory.getBean(AbstractBeanFactory.java:199)
	at org.springframework.beans.factory.support.AbstractBeanFactory.doGetBean(AbstractBeanFactory.java:312)
	at org.springframework.beans.factory.support.AbstractBeanFactory.getBean(AbstractBeanFactory.java:199)
	at org.springframework.context.support.AbstractApplicationContext.getBean(AbstractApplicationContext.java:1166)
	at org.springframework.context.support.AbstractApplicationContext.finishBeanFactoryInitialization(AbstractApplicationContext.java:940)
	at org.springframework.context.support.AbstractApplicationContext.refresh(AbstractApplicationContext.java:616)
	at org.springframework.boot.SpringApplication.refresh(SpringApplication.java:738)
	at org.springframework.boot.SpringApplication.refreshContext(SpringApplication.java:440)
	at org.springframework.boot.SpringApplication.run(SpringApplication.java:316)
	at org.springframework.boot.test.context.SpringBootContextLoader.lambda$loadContext$3(SpringBootContextLoader.java:137)
	at org.springframework.util.function.ThrowingSupplier.get(ThrowingSupplier.java:58)
	at org.springframework.util.function.ThrowingSupplier.get(ThrowingSupplier.java:46)
	at org.springframework.boot.SpringApplication.withHook(SpringApplication.java:1406)
	at org.springframework.boot.test.context.SpringBootContextLoader$ContextLoaderHook.run(SpringBootContextLoader.java:545)
	at org.springframework.boot.test.context.SpringBootContextLoader.loadContext(SpringBootContextLoader.java:137)
	at org.springframework.boot.test.context.SpringBootContextLoader.loadContext(SpringBootContextLoader.java:108)
	at org.springframework.test.context.cache.DefaultCacheAwareContextLoaderDelegate.loadContextInternal(DefaultCacheAwareContextLoaderDelegate.java:187)
	at org.springframework.test.context.cache.DefaultCacheAwareContextLoaderDelegate.loadContext(DefaultCacheAwareContextLoaderDelegate.java:119)
	... 73 more
Caused by: org.springframework.beans.factory.BeanCreationException: Error creating bean with name 'dataSource' defined in class path resource [org/springframework/boot/autoconfigure/jdbc/DataSourceConfiguration$Hikari.class]: Failed to instantiate [com.zaxxer.hikari.HikariDataSource]: Factory method 'dataSource' threw exception with message: Failed to determine a suitable driver class
	at org.springframework.beans.factory.support.ConstructorResolver.instantiate(ConstructorResolver.java:654)
	at org.springframework.beans.factory.support.ConstructorResolver.instantiateUsingFactoryMethod(ConstructorResolver.java:642)
	at org.springframework.beans.factory.support.AbstractAutowireCapableBeanFactory.instantiateUsingFactoryMethod(AbstractAutowireCapableBeanFactory.java:1332)
	at org.springframework.beans.factory.support.AbstractAutowireCapableBeanFactory.createBeanInstance(AbstractAutowireCapableBeanFactory.java:1162)
	at org.springframework.beans.factory.support.AbstractAutowireCapableBeanFactory.doCreateBean(AbstractAutowireCapableBeanFactory.java:560)
	at org.springframework.beans.factory.support.AbstractAutowireCapableBeanFactory.createBean(AbstractAutowireCapableBeanFactory.java:520)
	at org.springframework.beans.factory.support.AbstractBeanFactory.lambda$doGetBean$0(AbstractBeanFactory.java:325)
	at org.springframework.beans.factory.support.DefaultSingletonBeanRegistry.getSingleton(DefaultSingletonBeanRegistry.java:234)
	at org.springframework.beans.factory.support.AbstractBeanFactory.doGetBean(AbstractBeanFactory.java:323)
	at org.springframework.beans.factory.support.AbstractBeanFactory.getBean(AbstractBeanFactory.java:199)
	at org.springframework.beans.factory.config.DependencyDescriptor.resolveCandidate(DependencyDescriptor.java:254)
	at org.springframework.beans.factory.support.DefaultListableBeanFactory.doResolveDependency(DefaultListableBeanFactory.java:1417)
	at org.springframework.beans.factory.support.DefaultListableBeanFactory.resolveDependency(DefaultListableBeanFactory.java:1337)
	at org.springframework.beans.factory.support.ConstructorResolver.resolveAutowiredArgument(ConstructorResolver.java:910)
	at org.springframework.beans.factory.support.ConstructorResolver.createArgumentArray(ConstructorResolver.java:788)
	... 99 more
Caused by: org.springframework.beans.BeanInstantiationException: Failed to instantiate [com.zaxxer.hikari.HikariDataSource]: Factory method 'dataSource' threw exception with message: Failed to determine a suitable driver class
	at org.springframework.beans.factory.support.SimpleInstantiationStrategy.instantiate(SimpleInstantiationStrategy.java:171)
	at org.springframework.beans.factory.support.ConstructorResolver.instantiate(ConstructorResolver.java:650)
	... 113 more
Caused by: org.springframework.boot.autoconfigure.jdbc.DataSourceProperties$DataSourceBeanCreationException: Failed to determine a suitable driver class
	at org.springframework.boot.autoconfigure.jdbc.DataSourceProperties.determineDriverClassName(DataSourceProperties.java:186)
	at org.springframework.boot.autoconfigure.jdbc.PropertiesJdbcConnectionDetails.getDriverClassName(PropertiesJdbcConnectionDetails.java:49)
	at org.springframework.boot.autoconfigure.jdbc.DataSourceConfiguration.createDataSource(DataSourceConfiguration.java:55)
	at org.springframework.boot.autoconfigure.jdbc.DataSourceConfiguration$Hikari.dataSource(DataSourceConfiguration.java:117)
	at java.base/jdk.internal.reflect.DirectMethodHandleAccessor.invoke(DirectMethodHandleAccessor.java:103)
	at java.base/java.lang.reflect.Method.invoke(Method.java:580)
	at org.springframework.beans.factory.support.SimpleInstantiationStrategy.instantiate(SimpleInstantiationStrategy.java:139)
	... 114 more
]]></error>
    <system-out><![CDATA[14:03:34.672 [main] INFO org.springframework.test.context.support.AnnotationConfigContextLoaderUtils -- Could not detect default configuration classes for test class [de.hbrs.se2.womm.DemoApplicationTests]: DemoApplicationTests does not declare any static, non-private, non-final, nested classes annotated with @Configuration.
14:03:34.723 [main] INFO org.springframework.boot.test.context.SpringBootTestContextBootstrapper -- Found @SpringBootConfiguration de.hbrs.se2.womm.DemoApplication for test class de.hbrs.se2.womm.DemoApplicationTests

  .   ____          _            __ _ _
 /\\ / ___'_ __ _ _(_)_ __  __ _ \ \ \ \
( ( )\___ | '_ | '_| | '_ \/ _` | \ \ \ \
 \\/  ___)| |_)| | | | | || (_| |  ) ) ) )
  '  |____| .__|_| |_|_| |_\__, | / / / /
 =========|_|==============|___/=/_/_/_/
 :: Spring Boot ::                (v3.1.5)

2023-10-26T14:03:34.944+02:00  INFO 82333 --- [           main] de.hbrs.se2.womm.DemoApplicationTests    : Starting DemoApplicationTests using Java 21 with PID 82333 (started by dominikocsofszki in /Users/dominikocsofszki/Dev/Vim/inf_se2_wise23_w.o.m.m)
2023-10-26T14:03:34.944+02:00  INFO 82333 --- [           main] de.hbrs.se2.womm.DemoApplicationTests    : No active profile set, falling back to 1 default profile: "default"
2023-10-26T14:03:35.309+02:00  INFO 82333 --- [           main] .s.d.r.c.RepositoryConfigurationDelegate : Bootstrapping Spring Data JPA repositories in DEFAULT mode.
2023-10-26T14:03:35.319+02:00  INFO 82333 --- [           main] .s.d.r.c.RepositoryConfigurationDelegate : Finished Spring Data repository scanning in 6 ms. Found 0 JPA repository interfaces.
2023-10-26T14:03:35.571+02:00  WARN 82333 --- [           main] o.s.w.c.s.GenericWebApplicationContext   : Exception encountered during context initialization - cancelling refresh attempt: org.springframework.beans.factory.UnsatisfiedDependencyException: Error creating bean with name 'dataSourceScriptDatabaseInitializer' defined in class path resource [org/springframework/boot/autoconfigure/sql/init/DataSourceInitializationConfiguration.class]: Unsatisfied dependency expressed through method 'dataSourceScriptDatabaseInitializer' parameter 0: Error creating bean with name 'dataSource' defined in class path resource [org/springframework/boot/autoconfigure/jdbc/DataSourceConfiguration$Hikari.class]: Failed to instantiate [com.zaxxer.hikari.HikariDataSource]: Factory method 'dataSource' threw exception with message: Failed to determine a suitable driver class
2023-10-26T14:03:35.577+02:00  INFO 82333 --- [           main] .s.b.a.l.ConditionEvaluationReportLogger : 

Error starting ApplicationContext. To display the condition evaluation report re-run your application with 'debug' enabled.
2023-10-26T14:03:35.586+02:00 ERROR 82333 --- [           main] o.s.b.d.LoggingFailureAnalysisReporter   : 

***************************
APPLICATION FAILED TO START
***************************

Description:

Failed to configure a DataSource: 'url' attribute is not specified and no embedded datasource could be configured.

Reason: Failed to determine a suitable driver class


Action:

Consider the following:
	If you want an embedded database (H2, HSQL or Derby), please put it on the classpath.
	If you have database settings to be loaded from a particular profile you may need to activate it (no profiles are currently active).

2023-10-26T14:03:35.588+02:00 ERROR 82333 --- [           main] o.s.test.context.TestContextManager      : Caught exception while allowing TestExecutionListener [org.springframework.test.context.web.ServletTestExecutionListener] to prepare test instance [de.hbrs.se2.womm.DemoApplicationTests@234cff57]

java.lang.IllegalStateException: Failed to load ApplicationContext for [WebMergedContextConfiguration@1a8b81e8 testClass = de.hbrs.se2.womm.DemoApplicationTests, locations = [], classes = [de.hbrs.se2.womm.DemoApplication], contextInitializerClasses = [], activeProfiles = [], propertySourceLocations = [], propertySourceProperties = ["org.springframework.boot.test.context.SpringBootTestContextBootstrapper=true"], contextCustomizers = [org.springframework.boot.test.context.filter.ExcludeFilterContextCustomizer@17fc391b, org.springframework.boot.test.json.DuplicateJsonObjectContextCustomizerFactory$DuplicateJsonObjectContextCustomizer@6d60fe40, org.springframework.boot.test.mock.mockito.MockitoContextCustomizer@0, org.springframework.boot.test.web.client.TestRestTemplateContextCustomizer@c430e6c, org.springframework.boot.test.autoconfigure.actuate.observability.ObservabilityContextCustomizerFactory$DisableObservabilityContextCustomizer@1f, org.springframework.boot.test.autoconfigure.properties.PropertyMappingContextCustomizer@0, org.springframework.boot.test.autoconfigure.web.servlet.WebDriverContextCustomizer@f1da57d, org.springframework.boot.test.context.SpringBootTestAnnotation@cc49848d], resourceBasePath = "src/main/webapp", contextLoader = org.springframework.boot.test.context.SpringBootContextLoader, parent = null]
	at org.springframework.test.context.cache.DefaultCacheAwareContextLoaderDelegate.loadContext(DefaultCacheAwareContextLoaderDelegate.java:143) ~[spring-test-6.0.13.jar:6.0.13]
	at org.springframework.test.context.support.DefaultTestContext.getApplicationContext(DefaultTestContext.java:127) ~[spring-test-6.0.13.jar:6.0.13]
	at org.springframework.test.context.web.ServletTestExecutionListener.setUpRequestContextIfNecessary(ServletTestExecutionListener.java:191) ~[spring-test-6.0.13.jar:6.0.13]
	at org.springframework.test.context.web.ServletTestExecutionListener.prepareTestInstance(ServletTestExecutionListener.java:130) ~[spring-test-6.0.13.jar:6.0.13]
	at org.springframework.test.context.TestContextManager.prepareTestInstance(TestContextManager.java:241) ~[spring-test-6.0.13.jar:6.0.13]
	at org.springframework.test.context.junit.jupiter.SpringExtension.postProcessTestInstance(SpringExtension.java:138) ~[spring-test-6.0.13.jar:6.0.13]
	at org.junit.jupiter.engine.descriptor.ClassBasedTestDescriptor.lambda$invokeTestInstancePostProcessors$10(ClassBasedTestDescriptor.java:377) ~[junit-jupiter-engine-5.9.3.jar:5.9.3]
	at org.junit.jupiter.engine.descriptor.ClassBasedTestDescriptor.executeAndMaskThrowable(ClassBasedTestDescriptor.java:382) ~[junit-jupiter-engine-5.9.3.jar:5.9.3]
	at org.junit.jupiter.engine.descriptor.ClassBasedTestDescriptor.lambda$invokeTestInstancePostProcessors$11(ClassBasedTestDescriptor.java:377) ~[junit-jupiter-engine-5.9.3.jar:5.9.3]
	at java.base/java.util.stream.ReferencePipeline$3$1.accept(ReferencePipeline.java:197) ~[na:na]
	at java.base/java.util.stream.ReferencePipeline$2$1.accept(ReferencePipeline.java:179) ~[na:na]
	at java.base/java.util.ArrayList$ArrayListSpliterator.forEachRemaining(ArrayList.java:1708) ~[na:na]
	at java.base/java.util.stream.AbstractPipeline.copyInto(AbstractPipeline.java:509) ~[na:na]
	at java.base/java.util.stream.AbstractPipeline.wrapAndCopyInto(AbstractPipeline.java:499) ~[na:na]
	at java.base/java.util.stream.StreamSpliterators$WrappingSpliterator.forEachRemaining(StreamSpliterators.java:310) ~[na:na]
	at java.base/java.util.stream.Streams$ConcatSpliterator.forEachRemaining(Streams.java:735) ~[na:na]
	at java.base/java.util.stream.Streams$ConcatSpliterator.forEachRemaining(Streams.java:734) ~[na:na]
	at java.base/java.util.stream.ReferencePipeline$Head.forEach(ReferencePipeline.java:762) ~[na:na]
	at org.junit.jupiter.engine.descriptor.ClassBasedTestDescriptor.invokeTestInstancePostProcessors(ClassBasedTestDescriptor.java:376) ~[junit-jupiter-engine-5.9.3.jar:5.9.3]
	at org.junit.jupiter.engine.descriptor.ClassBasedTestDescriptor.lambda$instantiateAndPostProcessTestInstance$6(ClassBasedTestDescriptor.java:289) ~[junit-jupiter-engine-5.9.3.jar:5.9.3]
	at org.junit.platform.engine.support.hierarchical.ThrowableCollector.execute(ThrowableCollector.java:73) ~[junit-platform-engine-1.9.3.jar:1.9.3]
	at org.junit.jupiter.engine.descriptor.ClassBasedTestDescriptor.instantiateAndPostProcessTestInstance(ClassBasedTestDescriptor.java:288) ~[junit-jupiter-engine-5.9.3.jar:5.9.3]
	at org.junit.jupiter.engine.descriptor.ClassBasedTestDescriptor.lambda$testInstancesProvider$4(ClassBasedTestDescriptor.java:278) ~[junit-jupiter-engine-5.9.3.jar:5.9.3]
	at java.base/java.util.Optional.orElseGet(Optional.java:364) ~[na:na]
	at org.junit.jupiter.engine.descriptor.ClassBasedTestDescriptor.lambda$testInstancesProvider$5(ClassBasedTestDescriptor.java:277) ~[junit-jupiter-engine-5.9.3.jar:5.9.3]
	at org.junit.jupiter.engine.execution.TestInstancesProvider.getTestInstances(TestInstancesProvider.java:31) ~[junit-jupiter-engine-5.9.3.jar:5.9.3]
	at org.junit.jupiter.engine.descriptor.TestMethodTestDescriptor.lambda$prepare$0(TestMethodTestDescriptor.java:105) ~[junit-jupiter-engine-5.9.3.jar:5.9.3]
	at org.junit.platform.engine.support.hierarchical.ThrowableCollector.execute(ThrowableCollector.java:73) ~[junit-platform-engine-1.9.3.jar:1.9.3]
	at org.junit.jupiter.engine.descriptor.TestMethodTestDescriptor.prepare(TestMethodTestDescriptor.java:104) ~[junit-jupiter-engine-5.9.3.jar:5.9.3]
	at org.junit.jupiter.engine.descriptor.TestMethodTestDescriptor.prepare(TestMethodTestDescriptor.java:68) ~[junit-jupiter-engine-5.9.3.jar:5.9.3]
	at org.junit.platform.engine.support.hierarchical.NodeTestTask.lambda$prepare$2(NodeTestTask.java:123) ~[junit-platform-engine-1.9.3.jar:1.9.3]
	at org.junit.platform.engine.support.hierarchical.ThrowableCollector.execute(ThrowableCollector.java:73) ~[junit-platform-engine-1.9.3.jar:1.9.3]
	at org.junit.platform.engine.support.hierarchical.NodeTestTask.prepare(NodeTestTask.java:123) ~[junit-platform-engine-1.9.3.jar:1.9.3]
	at org.junit.platform.engine.support.hierarchical.NodeTestTask.execute(NodeTestTask.java:90) ~[junit-platform-engine-1.9.3.jar:1.9.3]
	at java.base/java.util.ArrayList.forEach(ArrayList.java:1596) ~[na:na]
	at org.junit.platform.engine.support.hierarchical.SameThreadHierarchicalTestExecutorService.invokeAll(SameThreadHierarchicalTestExecutorService.java:41) ~[junit-platform-engine-1.9.3.jar:1.9.3]
	at org.junit.platform.engine.support.hierarchical.NodeTestTask.lambda$executeRecursively$6(NodeTestTask.java:155) ~[junit-platform-engine-1.9.3.jar:1.9.3]
	at org.junit.platform.engine.support.hierarchical.ThrowableCollector.execute(ThrowableCollector.java:73) ~[junit-platform-engine-1.9.3.jar:1.9.3]
	at org.junit.platform.engine.support.hierarchical.NodeTestTask.lambda$executeRecursively$8(NodeTestTask.java:141) ~[junit-platform-engine-1.9.3.jar:1.9.3]
	at org.junit.platform.engine.support.hierarchical.Node.around(Node.java:137) ~[junit-platform-engine-1.9.3.jar:1.9.3]
	at org.junit.platform.engine.support.hierarchical.NodeTestTask.lambda$executeRecursively$9(NodeTestTask.java:139) ~[junit-platform-engine-1.9.3.jar:1.9.3]
	at org.junit.platform.engine.support.hierarchical.ThrowableCollector.execute(ThrowableCollector.java:73) ~[junit-platform-engine-1.9.3.jar:1.9.3]
	at org.junit.platform.engine.support.hierarchical.NodeTestTask.executeRecursively(NodeTestTask.java:138) ~[junit-platform-engine-1.9.3.jar:1.9.3]
	at org.junit.platform.engine.support.hierarchical.NodeTestTask.execute(NodeTestTask.java:95) ~[junit-platform-engine-1.9.3.jar:1.9.3]
	at java.base/java.util.ArrayList.forEach(ArrayList.java:1596) ~[na:na]
	at org.junit.platform.engine.support.hierarchical.SameThreadHierarchicalTestExecutorService.invokeAll(SameThreadHierarchicalTestExecutorService.java:41) ~[junit-platform-engine-1.9.3.jar:1.9.3]
	at org.junit.platform.engine.support.hierarchical.NodeTestTask.lambda$executeRecursively$6(NodeTestTask.java:155) ~[junit-platform-engine-1.9.3.jar:1.9.3]
	at org.junit.platform.engine.support.hierarchical.ThrowableCollector.execute(ThrowableCollector.java:73) ~[junit-platform-engine-1.9.3.jar:1.9.3]
	at org.junit.platform.engine.support.hierarchical.NodeTestTask.lambda$executeRecursively$8(NodeTestTask.java:141) ~[junit-platform-engine-1.9.3.jar:1.9.3]
	at org.junit.platform.engine.support.hierarchical.Node.around(Node.java:137) ~[junit-platform-engine-1.9.3.jar:1.9.3]
	at org.junit.platform.engine.support.hierarchical.NodeTestTask.lambda$executeRecursively$9(NodeTestTask.java:139) ~[junit-platform-engine-1.9.3.jar:1.9.3]
	at org.junit.platform.engine.support.hierarchical.ThrowableCollector.execute(ThrowableCollector.java:73) ~[junit-platform-engine-1.9.3.jar:1.9.3]
	at org.junit.platform.engine.support.hierarchical.NodeTestTask.executeRecursively(NodeTestTask.java:138) ~[junit-platform-engine-1.9.3.jar:1.9.3]
	at org.junit.platform.engine.support.hierarchical.NodeTestTask.execute(NodeTestTask.java:95) ~[junit-platform-engine-1.9.3.jar:1.9.3]
	at org.junit.platform.engine.support.hierarchical.SameThreadHierarchicalTestExecutorService.submit(SameThreadHierarchicalTestExecutorService.java:35) ~[junit-platform-engine-1.9.3.jar:1.9.3]
	at org.junit.platform.engine.support.hierarchical.HierarchicalTestExecutor.execute(HierarchicalTestExecutor.java:57) ~[junit-platform-engine-1.9.3.jar:1.9.3]
	at org.junit.platform.engine.support.hierarchical.HierarchicalTestEngine.execute(HierarchicalTestEngine.java:54) ~[junit-platform-engine-1.9.3.jar:1.9.3]
	at org.junit.platform.launcher.core.EngineExecutionOrchestrator.execute(EngineExecutionOrchestrator.java:147) ~[junit-platform-launcher-1.9.3.jar:1.9.3]
	at org.junit.platform.launcher.core.EngineExecutionOrchestrator.execute(EngineExecutionOrchestrator.java:127) ~[junit-platform-launcher-1.9.3.jar:1.9.3]
	at org.junit.platform.launcher.core.EngineExecutionOrchestrator.execute(EngineExecutionOrchestrator.java:90) ~[junit-platform-launcher-1.9.3.jar:1.9.3]
	at org.junit.platform.launcher.core.EngineExecutionOrchestrator.lambda$execute$0(EngineExecutionOrchestrator.java:55) ~[junit-platform-launcher-1.9.3.jar:1.9.3]
	at org.junit.platform.launcher.core.EngineExecutionOrchestrator.withInterceptedStreams(EngineExecutionOrchestrator.java:102) ~[junit-platform-launcher-1.9.3.jar:1.9.3]
	at org.junit.platform.launcher.core.EngineExecutionOrchestrator.execute(EngineExecutionOrchestrator.java:54) ~[junit-platform-launcher-1.9.3.jar:1.9.3]
	at org.junit.platform.launcher.core.DefaultLauncher.execute(DefaultLauncher.java:114) ~[junit-platform-launcher-1.9.3.jar:1.9.3]
	at org.junit.platform.launcher.core.DefaultLauncher.execute(DefaultLauncher.java:86) ~[junit-platform-launcher-1.9.3.jar:1.9.3]
	at org.junit.platform.launcher.core.DefaultLauncherSession$DelegatingLauncher.execute(DefaultLauncherSession.java:86) ~[junit-platform-launcher-1.9.3.jar:1.9.3]
	at org.apache.maven.surefire.junitplatform.LazyLauncher.execute(LazyLauncher.java:50) ~[surefire-junit-platform-3.0.0.jar:3.0.0]
	at org.apache.maven.surefire.junitplatform.JUnitPlatformProvider.execute(JUnitPlatformProvider.java:184) ~[surefire-junit-platform-3.0.0.jar:3.0.0]
	at org.apache.maven.surefire.junitplatform.JUnitPlatformProvider.invokeAllTests(JUnitPlatformProvider.java:148) ~[surefire-junit-platform-3.0.0.jar:3.0.0]
	at org.apache.maven.surefire.junitplatform.JUnitPlatformProvider.invoke(JUnitPlatformProvider.java:122) ~[surefire-junit-platform-3.0.0.jar:3.0.0]
	at org.apache.maven.surefire.booter.ForkedBooter.runSuitesInProcess(ForkedBooter.java:385) ~[surefire-booter-3.0.0.jar:3.0.0]
	at org.apache.maven.surefire.booter.ForkedBooter.execute(ForkedBooter.java:162) ~[surefire-booter-3.0.0.jar:3.0.0]
	at org.apache.maven.surefire.booter.ForkedBooter.run(ForkedBooter.java:507) ~[surefire-booter-3.0.0.jar:3.0.0]
	at org.apache.maven.surefire.booter.ForkedBooter.main(ForkedBooter.java:495) ~[surefire-booter-3.0.0.jar:3.0.0]
Caused by: org.springframework.beans.factory.UnsatisfiedDependencyException: Error creating bean with name 'dataSourceScriptDatabaseInitializer' defined in class path resource [org/springframework/boot/autoconfigure/sql/init/DataSourceInitializationConfiguration.class]: Unsatisfied dependency expressed through method 'dataSourceScriptDatabaseInitializer' parameter 0: Error creating bean with name 'dataSource' defined in class path resource [org/springframework/boot/autoconfigure/jdbc/DataSourceConfiguration$Hikari.class]: Failed to instantiate [com.zaxxer.hikari.HikariDataSource]: Factory method 'dataSource' threw exception with message: Failed to determine a suitable driver class
	at org.springframework.beans.factory.support.ConstructorResolver.createArgumentArray(ConstructorResolver.java:801) ~[spring-beans-6.0.13.jar:6.0.13]
	at org.springframework.beans.factory.support.ConstructorResolver.instantiateUsingFactoryMethod(ConstructorResolver.java:545) ~[spring-beans-6.0.13.jar:6.0.13]
	at org.springframework.beans.factory.support.AbstractAutowireCapableBeanFactory.instantiateUsingFactoryMethod(AbstractAutowireCapableBeanFactory.java:1332) ~[spring-beans-6.0.13.jar:6.0.13]
	at org.springframework.beans.factory.support.AbstractAutowireCapableBeanFactory.createBeanInstance(AbstractAutowireCapableBeanFactory.java:1162) ~[spring-beans-6.0.13.jar:6.0.13]
	at org.springframework.beans.factory.support.AbstractAutowireCapableBeanFactory.doCreateBean(AbstractAutowireCapableBeanFactory.java:560) ~[spring-beans-6.0.13.jar:6.0.13]
	at org.springframework.beans.factory.support.AbstractAutowireCapableBeanFactory.createBean(AbstractAutowireCapableBeanFactory.java:520) ~[spring-beans-6.0.13.jar:6.0.13]
	at org.springframework.beans.factory.support.AbstractBeanFactory.lambda$doGetBean$0(AbstractBeanFactory.java:325) ~[spring-beans-6.0.13.jar:6.0.13]
	at org.springframework.beans.factory.support.DefaultSingletonBeanRegistry.getSingleton(DefaultSingletonBeanRegistry.java:234) ~[spring-beans-6.0.13.jar:6.0.13]
	at org.springframework.beans.factory.support.AbstractBeanFactory.doGetBean(AbstractBeanFactory.java:323) ~[spring-beans-6.0.13.jar:6.0.13]
	at org.springframework.beans.factory.support.AbstractBeanFactory.getBean(AbstractBeanFactory.java:199) ~[spring-beans-6.0.13.jar:6.0.13]
	at org.springframework.beans.factory.support.AbstractBeanFactory.doGetBean(AbstractBeanFactory.java:312) ~[spring-beans-6.0.13.jar:6.0.13]
	at org.springframework.beans.factory.support.AbstractBeanFactory.getBean(AbstractBeanFactory.java:199) ~[spring-beans-6.0.13.jar:6.0.13]
	at org.springframework.context.support.AbstractApplicationContext.getBean(AbstractApplicationContext.java:1166) ~[spring-context-6.0.13.jar:6.0.13]
	at org.springframework.context.support.AbstractApplicationContext.finishBeanFactoryInitialization(AbstractApplicationContext.java:940) ~[spring-context-6.0.13.jar:6.0.13]
	at org.springframework.context.support.AbstractApplicationContext.refresh(AbstractApplicationContext.java:616) ~[spring-context-6.0.13.jar:6.0.13]
	at org.springframework.boot.SpringApplication.refresh(SpringApplication.java:738) ~[spring-boot-3.1.5.jar:3.1.5]
	at org.springframework.boot.SpringApplication.refreshContext(SpringApplication.java:440) ~[spring-boot-3.1.5.jar:3.1.5]
	at org.springframework.boot.SpringApplication.run(SpringApplication.java:316) ~[spring-boot-3.1.5.jar:3.1.5]
	at org.springframework.boot.test.context.SpringBootContextLoader.lambda$loadContext$3(SpringBootContextLoader.java:137) ~[spring-boot-test-3.1.5.jar:3.1.5]
	at org.springframework.util.function.ThrowingSupplier.get(ThrowingSupplier.java:58) ~[spring-core-6.0.13.jar:6.0.13]
	at org.springframework.util.function.ThrowingSupplier.get(ThrowingSupplier.java:46) ~[spring-core-6.0.13.jar:6.0.13]
	at org.springframework.boot.SpringApplication.withHook(SpringApplication.java:1406) ~[spring-boot-3.1.5.jar:3.1.5]
	at org.springframework.boot.test.context.SpringBootContextLoader$ContextLoaderHook.run(SpringBootContextLoader.java:545) ~[spring-boot-test-3.1.5.jar:3.1.5]
	at org.springframework.boot.test.context.SpringBootContextLoader.loadContext(SpringBootContextLoader.java:137) ~[spring-boot-test-3.1.5.jar:3.1.5]
	at org.springframework.boot.test.context.SpringBootContextLoader.loadContext(SpringBootContextLoader.java:108) ~[spring-boot-test-3.1.5.jar:3.1.5]
	at org.springframework.test.context.cache.DefaultCacheAwareContextLoaderDelegate.loadContextInternal(DefaultCacheAwareContextLoaderDelegate.java:187) ~[spring-test-6.0.13.jar:6.0.13]
	at org.springframework.test.context.cache.DefaultCacheAwareContextLoaderDelegate.loadContext(DefaultCacheAwareContextLoaderDelegate.java:119) ~[spring-test-6.0.13.jar:6.0.13]
	... 73 common frames omitted
Caused by: org.springframework.beans.factory.BeanCreationException: Error creating bean with name 'dataSource' defined in class path resource [org/springframework/boot/autoconfigure/jdbc/DataSourceConfiguration$Hikari.class]: Failed to instantiate [com.zaxxer.hikari.HikariDataSource]: Factory method 'dataSource' threw exception with message: Failed to determine a suitable driver class
	at org.springframework.beans.factory.support.ConstructorResolver.instantiate(ConstructorResolver.java:654) ~[spring-beans-6.0.13.jar:6.0.13]
	at org.springframework.beans.factory.support.ConstructorResolver.instantiateUsingFactoryMethod(ConstructorResolver.java:642) ~[spring-beans-6.0.13.jar:6.0.13]
	at org.springframework.beans.factory.support.AbstractAutowireCapableBeanFactory.instantiateUsingFactoryMethod(AbstractAutowireCapableBeanFactory.java:1332) ~[spring-beans-6.0.13.jar:6.0.13]
	at org.springframework.beans.factory.support.AbstractAutowireCapableBeanFactory.createBeanInstance(AbstractAutowireCapableBeanFactory.java:1162) ~[spring-beans-6.0.13.jar:6.0.13]
	at org.springframework.beans.factory.support.AbstractAutowireCapableBeanFactory.doCreateBean(AbstractAutowireCapableBeanFactory.java:560) ~[spring-beans-6.0.13.jar:6.0.13]
	at org.springframework.beans.factory.support.AbstractAutowireCapableBeanFactory.createBean(AbstractAutowireCapableBeanFactory.java:520) ~[spring-beans-6.0.13.jar:6.0.13]
	at org.springframework.beans.factory.support.AbstractBeanFactory.lambda$doGetBean$0(AbstractBeanFactory.java:325) ~[spring-beans-6.0.13.jar:6.0.13]
	at org.springframework.beans.factory.support.DefaultSingletonBeanRegistry.getSingleton(DefaultSingletonBeanRegistry.java:234) ~[spring-beans-6.0.13.jar:6.0.13]
	at org.springframework.beans.factory.support.AbstractBeanFactory.doGetBean(AbstractBeanFactory.java:323) ~[spring-beans-6.0.13.jar:6.0.13]
	at org.springframework.beans.factory.support.AbstractBeanFactory.getBean(AbstractBeanFactory.java:199) ~[spring-beans-6.0.13.jar:6.0.13]
	at org.springframework.beans.factory.config.DependencyDescriptor.resolveCandidate(DependencyDescriptor.java:254) ~[spring-beans-6.0.13.jar:6.0.13]
	at org.springframework.beans.factory.support.DefaultListableBeanFactory.doResolveDependency(DefaultListableBeanFactory.java:1417) ~[spring-beans-6.0.13.jar:6.0.13]
	at org.springframework.beans.factory.support.DefaultListableBeanFactory.resolveDependency(DefaultListableBeanFactory.java:1337) ~[spring-beans-6.0.13.jar:6.0.13]
	at org.springframework.beans.factory.support.ConstructorResolver.resolveAutowiredArgument(ConstructorResolver.java:910) ~[spring-beans-6.0.13.jar:6.0.13]
	at org.springframework.beans.factory.support.ConstructorResolver.createArgumentArray(ConstructorResolver.java:788) ~[spring-beans-6.0.13.jar:6.0.13]
	... 99 common frames omitted
Caused by: org.springframework.beans.BeanInstantiationException: Failed to instantiate [com.zaxxer.hikari.HikariDataSource]: Factory method 'dataSource' threw exception with message: Failed to determine a suitable driver class
	at org.springframework.beans.factory.support.SimpleInstantiationStrategy.instantiate(SimpleInstantiationStrategy.java:171) ~[spring-beans-6.0.13.jar:6.0.13]
	at org.springframework.beans.factory.support.ConstructorResolver.instantiate(ConstructorResolver.java:650) ~[spring-beans-6.0.13.jar:6.0.13]
	... 113 common frames omitted
Caused by: org.springframework.boot.autoconfigure.jdbc.DataSourceProperties$DataSourceBeanCreationException: Failed to determine a suitable driver class
	at org.springframework.boot.autoconfigure.jdbc.DataSourceProperties.determineDriverClassName(DataSourceProperties.java:186) ~[spring-boot-autoconfigure-3.1.5.jar:3.1.5]
	at org.springframework.boot.autoconfigure.jdbc.PropertiesJdbcConnectionDetails.getDriverClassName(PropertiesJdbcConnectionDetails.java:49) ~[spring-boot-autoconfigure-3.1.5.jar:3.1.5]
	at org.springframework.boot.autoconfigure.jdbc.DataSourceConfiguration.createDataSource(DataSourceConfiguration.java:55) ~[spring-boot-autoconfigure-3.1.5.jar:3.1.5]
	at org.springframework.boot.autoconfigure.jdbc.DataSourceConfiguration$Hikari.dataSource(DataSourceConfiguration.java:117) ~[spring-boot-autoconfigure-3.1.5.jar:3.1.5]
	at java.base/jdk.internal.reflect.DirectMethodHandleAccessor.invoke(DirectMethodHandleAccessor.java:103) ~[na:na]
	at java.base/java.lang.reflect.Method.invoke(Method.java:580) ~[na:na]
	at org.springframework.beans.factory.support.SimpleInstantiationStrategy.instantiate(SimpleInstantiationStrategy.java:139) ~[spring-beans-6.0.13.jar:6.0.13]
	... 114 common frames omitted

]]></system-out>
    <system-err><![CDATA[


============================
CONDITIONS EVALUATION REPORT
============================


Positive matches:
-----------------

    None


Negative matches:
-----------------

    None


Exclusions:
-----------

    None


Unconditional classes:
----------------------

    None



]]></system-err>
  </testcase>
</testsuite>